[2024-08-24 03:22:40,138] {taskinstance.py:1043} INFO - Dependencies all met for <TaskInstance: spark_airflow_dag.spark_submit_task manual__2024-08-24T03:22:39.442979+00:00 [queued]>
[2024-08-24 03:22:40,147] {taskinstance.py:1043} INFO - Dependencies all met for <TaskInstance: spark_airflow_dag.spark_submit_task manual__2024-08-24T03:22:39.442979+00:00 [queued]>
[2024-08-24 03:22:40,148] {taskinstance.py:1249} INFO - 
--------------------------------------------------------------------------------
[2024-08-24 03:22:40,148] {taskinstance.py:1250} INFO - Starting attempt 1 of 1
[2024-08-24 03:22:40,148] {taskinstance.py:1251} INFO - 
--------------------------------------------------------------------------------
[2024-08-24 03:22:40,157] {taskinstance.py:1270} INFO - Executing <Task(SparkSubmitOperator): spark_submit_task> on 2024-08-24 03:22:39.442979+00:00
[2024-08-24 03:22:40,161] {standard_task_runner.py:52} INFO - Started process 208 to run task
[2024-08-24 03:22:40,164] {standard_task_runner.py:79} INFO - Running: ['***', 'tasks', 'run', 'spark_***_dag', 'spark_submit_task', 'manual__2024-08-24T03:22:39.442979+00:00', '--job-id', '3', '--raw', '--subdir', 'DAGS_FOLDER/spark_jobs_dag.py', '--cfg-path', '/tmp/tmpeoq5kx4y', '--error-file', '/tmp/tmpi3w2kipv']
[2024-08-24 03:22:40,164] {standard_task_runner.py:80} INFO - Job 3: Subtask spark_submit_task
[2024-08-24 03:22:40,202] {logging_mixin.py:109} INFO - Running <TaskInstance: spark_***_dag.spark_submit_task manual__2024-08-24T03:22:39.442979+00:00 [running]> on host abd321025236
[2024-08-24 03:22:40,242] {taskinstance.py:1446} INFO - Exporting the following env vars:
AIRFLOW_CTX_DAG_OWNER=***
AIRFLOW_CTX_DAG_ID=spark_***_dag
AIRFLOW_CTX_TASK_ID=spark_submit_task
AIRFLOW_CTX_EXECUTION_DATE=2024-08-24T03:22:39.442979+00:00
AIRFLOW_CTX_DAG_RUN_ID=manual__2024-08-24T03:22:39.442979+00:00
[2024-08-24 03:22:40,249] {base.py:70} INFO - Using connection to: id: spark_local. Host: spark://6b301313db92, Port: None, Schema: , Login: , Password: None, extra: {}
[2024-08-24 03:22:40,250] {spark_submit.py:334} INFO - Spark-Submit cmd: spark-submit --master spark://6b301313db92 --name arrow-spark /opt/***/dags/spark_etl_script_docker.py
[2024-08-24 03:22:40,367] {spark_submit.py:485} INFO - /home/***/.local/lib/python3.8/site-packages/pyspark/bin/load-spark-env.sh: line 68: ps: command not found
[2024-08-24 03:22:43,570] {spark_submit.py:485} INFO - 24/08/24 03:22:43 INFO SparkContext: Running Spark version 3.5.2
[2024-08-24 03:22:43,572] {spark_submit.py:485} INFO - 24/08/24 03:22:43 INFO SparkContext: OS info Linux, 5.10.102.1-microsoft-standard-WSL2, amd64
[2024-08-24 03:22:43,572] {spark_submit.py:485} INFO - 24/08/24 03:22:43 INFO SparkContext: Java version 11.0.23
[2024-08-24 03:22:43,659] {spark_submit.py:485} INFO - 24/08/24 03:22:43 WARN NativeCodeLoader: Unable to load native-hadoop library for your platform... using builtin-java classes where applicable
[2024-08-24 03:22:43,766] {spark_submit.py:485} INFO - 24/08/24 03:22:43 INFO ResourceUtils: ==============================================================
[2024-08-24 03:22:43,767] {spark_submit.py:485} INFO - 24/08/24 03:22:43 INFO ResourceUtils: No custom resources configured for spark.driver.
[2024-08-24 03:22:43,767] {spark_submit.py:485} INFO - 24/08/24 03:22:43 INFO ResourceUtils: ==============================================================
[2024-08-24 03:22:43,767] {spark_submit.py:485} INFO - 24/08/24 03:22:43 INFO SparkContext: Submitted application: DataExtraction
[2024-08-24 03:22:43,794] {spark_submit.py:485} INFO - 24/08/24 03:22:43 INFO ResourceProfile: Default ResourceProfile created, executor resources: Map(memory -> name: memory, amount: 1024, script: , vendor: , offHeap -> name: offHeap, amount: 0, script: , vendor: ), task resources: Map(cpus -> name: cpus, amount: 1.0)
[2024-08-24 03:22:43,806] {spark_submit.py:485} INFO - 24/08/24 03:22:43 INFO ResourceProfile: Limiting resource is cpu
[2024-08-24 03:22:43,807] {spark_submit.py:485} INFO - 24/08/24 03:22:43 INFO ResourceProfileManager: Added ResourceProfile id: 0
[2024-08-24 03:22:43,875] {spark_submit.py:485} INFO - 24/08/24 03:22:43 INFO SecurityManager: Changing view acls to: default
[2024-08-24 03:22:43,876] {spark_submit.py:485} INFO - 24/08/24 03:22:43 INFO SecurityManager: Changing modify acls to: default
[2024-08-24 03:22:43,877] {spark_submit.py:485} INFO - 24/08/24 03:22:43 INFO SecurityManager: Changing view acls groups to:
[2024-08-24 03:22:43,877] {spark_submit.py:485} INFO - 24/08/24 03:22:43 INFO SecurityManager: Changing modify acls groups to:
[2024-08-24 03:22:43,878] {spark_submit.py:485} INFO - 24/08/24 03:22:43 INFO SecurityManager: SecurityManager: authentication disabled; ui acls disabled; users with view permissions: default; groups with view permissions: EMPTY; users with modify permissions: default; groups with modify permissions: EMPTY
[2024-08-24 03:22:44,155] {spark_submit.py:485} INFO - 24/08/24 03:22:44 INFO Utils: Successfully started service 'sparkDriver' on port 33911.
[2024-08-24 03:22:44,190] {spark_submit.py:485} INFO - 24/08/24 03:22:44 INFO SparkEnv: Registering MapOutputTracker
[2024-08-24 03:22:44,226] {spark_submit.py:485} INFO - 24/08/24 03:22:44 INFO SparkEnv: Registering BlockManagerMaster
[2024-08-24 03:22:44,248] {spark_submit.py:485} INFO - 24/08/24 03:22:44 INFO BlockManagerMasterEndpoint: Using org.apache.spark.storage.DefaultTopologyMapper for getting topology information
[2024-08-24 03:22:44,249] {spark_submit.py:485} INFO - 24/08/24 03:22:44 INFO BlockManagerMasterEndpoint: BlockManagerMasterEndpoint up
[2024-08-24 03:22:44,252] {spark_submit.py:485} INFO - 24/08/24 03:22:44 INFO SparkEnv: Registering BlockManagerMasterHeartbeat
[2024-08-24 03:22:44,284] {spark_submit.py:485} INFO - 24/08/24 03:22:44 INFO DiskBlockManager: Created local directory at /tmp/blockmgr-b2bdadab-ad82-4532-a484-31c32ff40fcf
[2024-08-24 03:22:44,297] {spark_submit.py:485} INFO - 24/08/24 03:22:44 INFO MemoryStore: MemoryStore started with capacity 434.4 MiB
[2024-08-24 03:22:44,316] {spark_submit.py:485} INFO - 24/08/24 03:22:44 INFO SparkEnv: Registering OutputCommitCoordinator
[2024-08-24 03:22:44,477] {spark_submit.py:485} INFO - 24/08/24 03:22:44 INFO JettyUtils: Start Jetty 0.0.0.0:4040 for SparkUI
[2024-08-24 03:22:44,539] {spark_submit.py:485} INFO - 24/08/24 03:22:44 INFO Utils: Successfully started service 'SparkUI' on port 4040.
[2024-08-24 03:22:44,662] {spark_submit.py:485} INFO - 24/08/24 03:22:44 ERROR SparkContext: Error initializing SparkContext.
[2024-08-24 03:22:44,662] {spark_submit.py:485} INFO - org.apache.spark.SparkException: Invalid master URL: spark://6b301313db92
[2024-08-24 03:22:44,662] {spark_submit.py:485} INFO - at org.apache.spark.util.Utils$.extractHostPortFromSparkUrl(Utils.scala:2401)
[2024-08-24 03:22:44,662] {spark_submit.py:485} INFO - at org.apache.spark.rpc.RpcAddress$.fromSparkURL(RpcAddress.scala:54)
[2024-08-24 03:22:44,662] {spark_submit.py:485} INFO - at org.apache.spark.deploy.client.StandaloneAppClient.$anonfun$masterRpcAddresses$1(StandaloneAppClient.scala:54)
[2024-08-24 03:22:44,662] {spark_submit.py:485} INFO - at scala.collection.TraversableLike.$anonfun$map$1(TraversableLike.scala:286)
[2024-08-24 03:22:44,663] {spark_submit.py:485} INFO - at scala.collection.IndexedSeqOptimized.foreach(IndexedSeqOptimized.scala:36)
[2024-08-24 03:22:44,663] {spark_submit.py:485} INFO - at scala.collection.IndexedSeqOptimized.foreach$(IndexedSeqOptimized.scala:33)
[2024-08-24 03:22:44,663] {spark_submit.py:485} INFO - at scala.collection.mutable.ArrayOps$ofRef.foreach(ArrayOps.scala:198)
[2024-08-24 03:22:44,663] {spark_submit.py:485} INFO - at scala.collection.TraversableLike.map(TraversableLike.scala:286)
[2024-08-24 03:22:44,663] {spark_submit.py:485} INFO - at scala.collection.TraversableLike.map$(TraversableLike.scala:279)
[2024-08-24 03:22:44,663] {spark_submit.py:485} INFO - at scala.collection.mutable.ArrayOps$ofRef.map(ArrayOps.scala:198)
[2024-08-24 03:22:44,663] {spark_submit.py:485} INFO - at org.apache.spark.deploy.client.StandaloneAppClient.<init>(StandaloneAppClient.scala:54)
[2024-08-24 03:22:44,663] {spark_submit.py:485} INFO - at org.apache.spark.scheduler.cluster.StandaloneSchedulerBackend.start(StandaloneSchedulerBackend.scala:134)
[2024-08-24 03:22:44,663] {spark_submit.py:485} INFO - at org.apache.spark.scheduler.TaskSchedulerImpl.start(TaskSchedulerImpl.scala:235)
[2024-08-24 03:22:44,663] {spark_submit.py:485} INFO - at org.apache.spark.SparkContext.<init>(SparkContext.scala:599)
[2024-08-24 03:22:44,663] {spark_submit.py:485} INFO - at org.apache.spark.api.java.JavaSparkContext.<init>(JavaSparkContext.scala:58)
[2024-08-24 03:22:44,663] {spark_submit.py:485} INFO - at java.base/jdk.internal.reflect.NativeConstructorAccessorImpl.newInstance0(Native Method)
[2024-08-24 03:22:44,663] {spark_submit.py:485} INFO - at java.base/jdk.internal.reflect.NativeConstructorAccessorImpl.newInstance(NativeConstructorAccessorImpl.java:62)
[2024-08-24 03:22:44,663] {spark_submit.py:485} INFO - at java.base/jdk.internal.reflect.DelegatingConstructorAccessorImpl.newInstance(DelegatingConstructorAccessorImpl.java:45)
[2024-08-24 03:22:44,663] {spark_submit.py:485} INFO - at java.base/java.lang.reflect.Constructor.newInstance(Constructor.java:490)
[2024-08-24 03:22:44,663] {spark_submit.py:485} INFO - at py4j.reflection.MethodInvoker.invoke(MethodInvoker.java:247)
[2024-08-24 03:22:44,664] {spark_submit.py:485} INFO - at py4j.reflection.ReflectionEngine.invoke(ReflectionEngine.java:374)
[2024-08-24 03:22:44,664] {spark_submit.py:485} INFO - at py4j.Gateway.invoke(Gateway.java:238)
[2024-08-24 03:22:44,664] {spark_submit.py:485} INFO - at py4j.commands.ConstructorCommand.invokeConstructor(ConstructorCommand.java:80)
[2024-08-24 03:22:44,664] {spark_submit.py:485} INFO - at py4j.commands.ConstructorCommand.execute(ConstructorCommand.java:69)
[2024-08-24 03:22:44,664] {spark_submit.py:485} INFO - at py4j.ClientServerConnection.waitForCommands(ClientServerConnection.java:182)
[2024-08-24 03:22:44,664] {spark_submit.py:485} INFO - at py4j.ClientServerConnection.run(ClientServerConnection.java:106)
[2024-08-24 03:22:44,664] {spark_submit.py:485} INFO - at java.base/java.lang.Thread.run(Thread.java:829)
[2024-08-24 03:22:44,664] {spark_submit.py:485} INFO - 24/08/24 03:22:44 INFO SparkContext: SparkContext is stopping with exitCode 0.
[2024-08-24 03:22:44,679] {spark_submit.py:485} INFO - 24/08/24 03:22:44 INFO SparkUI: Stopped Spark web UI at http://abd321025236:4040
[2024-08-24 03:22:44,686] {spark_submit.py:485} INFO - 24/08/24 03:22:44 INFO StandaloneSchedulerBackend: Shutting down all executors
[2024-08-24 03:22:44,690] {spark_submit.py:485} INFO - 24/08/24 03:22:44 INFO StandaloneSchedulerBackend$StandaloneDriverEndpoint: Asking each executor to shut down
[2024-08-24 03:22:44,714] {spark_submit.py:485} INFO - 24/08/24 03:22:44 INFO MapOutputTrackerMasterEndpoint: MapOutputTrackerMasterEndpoint stopped!
[2024-08-24 03:22:44,723] {spark_submit.py:485} INFO - 24/08/24 03:22:44 INFO MemoryStore: MemoryStore cleared
[2024-08-24 03:22:44,724] {spark_submit.py:485} INFO - 24/08/24 03:22:44 INFO BlockManager: BlockManager stopped
[2024-08-24 03:22:44,730] {spark_submit.py:485} INFO - 24/08/24 03:22:44 INFO BlockManagerMaster: BlockManagerMaster stopped
[2024-08-24 03:22:44,730] {spark_submit.py:485} INFO - 24/08/24 03:22:44 WARN MetricsSystem: Stopping a MetricsSystem that is not running
[2024-08-24 03:22:44,732] {spark_submit.py:485} INFO - 24/08/24 03:22:44 INFO OutputCommitCoordinator$OutputCommitCoordinatorEndpoint: OutputCommitCoordinator stopped!
[2024-08-24 03:22:44,741] {spark_submit.py:485} INFO - 24/08/24 03:22:44 INFO SparkContext: Successfully stopped SparkContext
[2024-08-24 03:22:44,742] {spark_submit.py:485} INFO - Traceback (most recent call last):
[2024-08-24 03:22:44,742] {spark_submit.py:485} INFO - File "/opt/***/dags/spark_etl_script_docker.py", line 11, in <module>
[2024-08-24 03:22:44,742] {spark_submit.py:485} INFO - spark = SparkSession \
[2024-08-24 03:22:44,742] {spark_submit.py:485} INFO - File "/home/***/.local/lib/python3.8/site-packages/pyspark/python/lib/pyspark.zip/pyspark/sql/session.py", line 497, in getOrCreate
[2024-08-24 03:22:44,742] {spark_submit.py:485} INFO - File "/home/***/.local/lib/python3.8/site-packages/pyspark/python/lib/pyspark.zip/pyspark/context.py", line 515, in getOrCreate
[2024-08-24 03:22:44,742] {spark_submit.py:485} INFO - File "/home/***/.local/lib/python3.8/site-packages/pyspark/python/lib/pyspark.zip/pyspark/context.py", line 203, in __init__
[2024-08-24 03:22:44,742] {spark_submit.py:485} INFO - File "/home/***/.local/lib/python3.8/site-packages/pyspark/python/lib/pyspark.zip/pyspark/context.py", line 296, in _do_init
[2024-08-24 03:22:44,742] {spark_submit.py:485} INFO - File "/home/***/.local/lib/python3.8/site-packages/pyspark/python/lib/pyspark.zip/pyspark/context.py", line 421, in _initialize_context
[2024-08-24 03:22:44,742] {spark_submit.py:485} INFO - File "/home/***/.local/lib/python3.8/site-packages/pyspark/python/lib/py4j-0.10.9.7-src.zip/py4j/java_gateway.py", line 1587, in __call__
[2024-08-24 03:22:44,742] {spark_submit.py:485} INFO - File "/home/***/.local/lib/python3.8/site-packages/pyspark/python/lib/py4j-0.10.9.7-src.zip/py4j/protocol.py", line 326, in get_return_value
[2024-08-24 03:22:44,743] {spark_submit.py:485} INFO - py4j.protocol.Py4JJavaError: An error occurred while calling None.org.apache.spark.api.java.JavaSparkContext.
[2024-08-24 03:22:44,743] {spark_submit.py:485} INFO - : org.apache.spark.SparkException: Invalid master URL: spark://6b301313db92
[2024-08-24 03:22:44,743] {spark_submit.py:485} INFO - at org.apache.spark.util.Utils$.extractHostPortFromSparkUrl(Utils.scala:2401)
[2024-08-24 03:22:44,743] {spark_submit.py:485} INFO - at org.apache.spark.rpc.RpcAddress$.fromSparkURL(RpcAddress.scala:54)
[2024-08-24 03:22:44,743] {spark_submit.py:485} INFO - at org.apache.spark.deploy.client.StandaloneAppClient.$anonfun$masterRpcAddresses$1(StandaloneAppClient.scala:54)
[2024-08-24 03:22:44,743] {spark_submit.py:485} INFO - at scala.collection.TraversableLike.$anonfun$map$1(TraversableLike.scala:286)
[2024-08-24 03:22:44,743] {spark_submit.py:485} INFO - at scala.collection.IndexedSeqOptimized.foreach(IndexedSeqOptimized.scala:36)
[2024-08-24 03:22:44,743] {spark_submit.py:485} INFO - at scala.collection.IndexedSeqOptimized.foreach$(IndexedSeqOptimized.scala:33)
[2024-08-24 03:22:44,743] {spark_submit.py:485} INFO - at scala.collection.mutable.ArrayOps$ofRef.foreach(ArrayOps.scala:198)
[2024-08-24 03:22:44,743] {spark_submit.py:485} INFO - at scala.collection.TraversableLike.map(TraversableLike.scala:286)
[2024-08-24 03:22:44,743] {spark_submit.py:485} INFO - at scala.collection.TraversableLike.map$(TraversableLike.scala:279)
[2024-08-24 03:22:44,743] {spark_submit.py:485} INFO - at scala.collection.mutable.ArrayOps$ofRef.map(ArrayOps.scala:198)
[2024-08-24 03:22:44,744] {spark_submit.py:485} INFO - at org.apache.spark.deploy.client.StandaloneAppClient.<init>(StandaloneAppClient.scala:54)
[2024-08-24 03:22:44,744] {spark_submit.py:485} INFO - at org.apache.spark.scheduler.cluster.StandaloneSchedulerBackend.start(StandaloneSchedulerBackend.scala:134)
[2024-08-24 03:22:44,744] {spark_submit.py:485} INFO - at org.apache.spark.scheduler.TaskSchedulerImpl.start(TaskSchedulerImpl.scala:235)
[2024-08-24 03:22:44,744] {spark_submit.py:485} INFO - at org.apache.spark.SparkContext.<init>(SparkContext.scala:599)
[2024-08-24 03:22:44,744] {spark_submit.py:485} INFO - at org.apache.spark.api.java.JavaSparkContext.<init>(JavaSparkContext.scala:58)
[2024-08-24 03:22:44,744] {spark_submit.py:485} INFO - at java.base/jdk.internal.reflect.NativeConstructorAccessorImpl.newInstance0(Native Method)
[2024-08-24 03:22:44,744] {spark_submit.py:485} INFO - at java.base/jdk.internal.reflect.NativeConstructorAccessorImpl.newInstance(NativeConstructorAccessorImpl.java:62)
[2024-08-24 03:22:44,744] {spark_submit.py:485} INFO - at java.base/jdk.internal.reflect.DelegatingConstructorAccessorImpl.newInstance(DelegatingConstructorAccessorImpl.java:45)
[2024-08-24 03:22:44,744] {spark_submit.py:485} INFO - at java.base/java.lang.reflect.Constructor.newInstance(Constructor.java:490)
[2024-08-24 03:22:44,744] {spark_submit.py:485} INFO - at py4j.reflection.MethodInvoker.invoke(MethodInvoker.java:247)
[2024-08-24 03:22:44,744] {spark_submit.py:485} INFO - at py4j.reflection.ReflectionEngine.invoke(ReflectionEngine.java:374)
[2024-08-24 03:22:44,744] {spark_submit.py:485} INFO - at py4j.Gateway.invoke(Gateway.java:238)
[2024-08-24 03:22:44,744] {spark_submit.py:485} INFO - at py4j.commands.ConstructorCommand.invokeConstructor(ConstructorCommand.java:80)
[2024-08-24 03:22:44,744] {spark_submit.py:485} INFO - at py4j.commands.ConstructorCommand.execute(ConstructorCommand.java:69)
[2024-08-24 03:22:44,744] {spark_submit.py:485} INFO - at py4j.ClientServerConnection.waitForCommands(ClientServerConnection.java:182)
[2024-08-24 03:22:44,744] {spark_submit.py:485} INFO - at py4j.ClientServerConnection.run(ClientServerConnection.java:106)
[2024-08-24 03:22:44,744] {spark_submit.py:485} INFO - at java.base/java.lang.Thread.run(Thread.java:829)
[2024-08-24 03:22:44,744] {spark_submit.py:485} INFO - 
[2024-08-24 03:22:44,785] {spark_submit.py:485} INFO - 24/08/24 03:22:44 INFO ShutdownHookManager: Shutdown hook called
[2024-08-24 03:22:44,785] {spark_submit.py:485} INFO - 24/08/24 03:22:44 INFO ShutdownHookManager: Deleting directory /tmp/spark-b874c738-99a0-4a83-9900-8119912996ee
[2024-08-24 03:22:44,788] {spark_submit.py:485} INFO - 24/08/24 03:22:44 INFO ShutdownHookManager: Deleting directory /tmp/spark-46d275bb-ef7e-4261-b85d-c27dfb1c5377
[2024-08-24 03:22:44,820] {taskinstance.py:1774} ERROR - Task failed with exception
Traceback (most recent call last):
  File "/home/airflow/.local/lib/python3.8/site-packages/airflow/providers/apache/spark/operators/spark_submit.py", line 157, in execute
    self._hook.submit(self._application)
  File "/home/airflow/.local/lib/python3.8/site-packages/airflow/providers/apache/spark/hooks/spark_submit.py", line 416, in submit
    raise AirflowException(
airflow.exceptions.AirflowException: Cannot execute: spark-submit --master spark://6b301313db92 --name arrow-spark /opt/***/dags/spark_etl_script_docker.py. Error code is: 1.
[2024-08-24 03:22:44,824] {taskinstance.py:1278} INFO - Marking task as FAILED. dag_id=spark_***_dag, task_id=spark_submit_task, execution_date=20240824T032239, start_date=20240824T032240, end_date=20240824T032244
[2024-08-24 03:22:44,836] {standard_task_runner.py:93} ERROR - Failed to execute job 3 for task spark_submit_task (Cannot execute: spark-submit --master spark://6b301313db92 --name arrow-spark /opt/***/dags/spark_etl_script_docker.py. Error code is: 1.; 208)
[2024-08-24 03:22:44,872] {local_task_job.py:154} INFO - Task exited with return code 1
[2024-08-24 03:22:44,895] {local_task_job.py:264} INFO - 0 downstream tasks scheduled from follow-on schedule check
