[2024-08-24 03:30:05,447] {taskinstance.py:1043} INFO - Dependencies all met for <TaskInstance: spark_airflow_dag.spark_submit_task manual__2024-08-24T03:30:04.316113+00:00 [queued]>
[2024-08-24 03:30:05,453] {taskinstance.py:1043} INFO - Dependencies all met for <TaskInstance: spark_airflow_dag.spark_submit_task manual__2024-08-24T03:30:04.316113+00:00 [queued]>
[2024-08-24 03:30:05,453] {taskinstance.py:1249} INFO - 
--------------------------------------------------------------------------------
[2024-08-24 03:30:05,453] {taskinstance.py:1250} INFO - Starting attempt 1 of 1
[2024-08-24 03:30:05,453] {taskinstance.py:1251} INFO - 
--------------------------------------------------------------------------------
[2024-08-24 03:30:05,462] {taskinstance.py:1270} INFO - Executing <Task(SparkSubmitOperator): spark_submit_task> on 2024-08-24 03:30:04.316113+00:00
[2024-08-24 03:30:05,465] {standard_task_runner.py:52} INFO - Started process 819 to run task
[2024-08-24 03:30:05,467] {standard_task_runner.py:79} INFO - Running: ['***', 'tasks', 'run', 'spark_***_dag', 'spark_submit_task', 'manual__2024-08-24T03:30:04.316113+00:00', '--job-id', '5', '--raw', '--subdir', 'DAGS_FOLDER/spark_jobs_dag.py', '--cfg-path', '/tmp/tmpgavsrbg7', '--error-file', '/tmp/tmpz4sn1sl3']
[2024-08-24 03:30:05,468] {standard_task_runner.py:80} INFO - Job 5: Subtask spark_submit_task
[2024-08-24 03:30:05,505] {logging_mixin.py:109} INFO - Running <TaskInstance: spark_***_dag.spark_submit_task manual__2024-08-24T03:30:04.316113+00:00 [running]> on host abd321025236
[2024-08-24 03:30:05,541] {taskinstance.py:1446} INFO - Exporting the following env vars:
AIRFLOW_CTX_DAG_OWNER=***
AIRFLOW_CTX_DAG_ID=spark_***_dag
AIRFLOW_CTX_TASK_ID=spark_submit_task
AIRFLOW_CTX_EXECUTION_DATE=2024-08-24T03:30:04.316113+00:00
AIRFLOW_CTX_DAG_RUN_ID=manual__2024-08-24T03:30:04.316113+00:00
[2024-08-24 03:30:05,549] {base.py:70} INFO - Using connection to: id: spark_local. Host: spark://6b301313db92:7077, Port: None, Schema: , Login: , Password: None, extra: {}
[2024-08-24 03:30:05,550] {spark_submit.py:334} INFO - Spark-Submit cmd: spark-submit --master spark://6b301313db92:7077 --name arrow-spark /opt/***/dags/spark_etl_script_docker.py
[2024-08-24 03:30:05,655] {spark_submit.py:485} INFO - /home/***/.local/lib/python3.8/site-packages/pyspark/bin/load-spark-env.sh: line 68: ps: command not found
[2024-08-24 03:30:08,660] {spark_submit.py:485} INFO - 24/08/24 03:30:08 INFO SparkContext: Running Spark version 3.5.2
[2024-08-24 03:30:08,662] {spark_submit.py:485} INFO - 24/08/24 03:30:08 INFO SparkContext: OS info Linux, 5.10.102.1-microsoft-standard-WSL2, amd64
[2024-08-24 03:30:08,663] {spark_submit.py:485} INFO - 24/08/24 03:30:08 INFO SparkContext: Java version 11.0.23
[2024-08-24 03:30:08,729] {spark_submit.py:485} INFO - 24/08/24 03:30:08 WARN NativeCodeLoader: Unable to load native-hadoop library for your platform... using builtin-java classes where applicable
[2024-08-24 03:30:08,872] {spark_submit.py:485} INFO - 24/08/24 03:30:08 INFO ResourceUtils: ==============================================================
[2024-08-24 03:30:08,874] {spark_submit.py:485} INFO - 24/08/24 03:30:08 INFO ResourceUtils: No custom resources configured for spark.driver.
[2024-08-24 03:30:08,875] {spark_submit.py:485} INFO - 24/08/24 03:30:08 INFO ResourceUtils: ==============================================================
[2024-08-24 03:30:08,876] {spark_submit.py:485} INFO - 24/08/24 03:30:08 INFO SparkContext: Submitted application: DataExtraction
[2024-08-24 03:30:08,918] {spark_submit.py:485} INFO - 24/08/24 03:30:08 INFO ResourceProfile: Default ResourceProfile created, executor resources: Map(memory -> name: memory, amount: 1024, script: , vendor: , offHeap -> name: offHeap, amount: 0, script: , vendor: ), task resources: Map(cpus -> name: cpus, amount: 1.0)
[2024-08-24 03:30:08,939] {spark_submit.py:485} INFO - 24/08/24 03:30:08 INFO ResourceProfile: Limiting resource is cpu
[2024-08-24 03:30:08,940] {spark_submit.py:485} INFO - 24/08/24 03:30:08 INFO ResourceProfileManager: Added ResourceProfile id: 0
[2024-08-24 03:30:09,017] {spark_submit.py:485} INFO - 24/08/24 03:30:09 INFO SecurityManager: Changing view acls to: default
[2024-08-24 03:30:09,018] {spark_submit.py:485} INFO - 24/08/24 03:30:09 INFO SecurityManager: Changing modify acls to: default
[2024-08-24 03:30:09,020] {spark_submit.py:485} INFO - 24/08/24 03:30:09 INFO SecurityManager: Changing view acls groups to:
[2024-08-24 03:30:09,021] {spark_submit.py:485} INFO - 24/08/24 03:30:09 INFO SecurityManager: Changing modify acls groups to:
[2024-08-24 03:30:09,022] {spark_submit.py:485} INFO - 24/08/24 03:30:09 INFO SecurityManager: SecurityManager: authentication disabled; ui acls disabled; users with view permissions: default; groups with view permissions: EMPTY; users with modify permissions: default; groups with modify permissions: EMPTY
[2024-08-24 03:30:09,353] {spark_submit.py:485} INFO - 24/08/24 03:30:09 INFO Utils: Successfully started service 'sparkDriver' on port 35781.
[2024-08-24 03:30:09,379] {spark_submit.py:485} INFO - 24/08/24 03:30:09 INFO SparkEnv: Registering MapOutputTracker
[2024-08-24 03:30:09,410] {spark_submit.py:485} INFO - 24/08/24 03:30:09 INFO SparkEnv: Registering BlockManagerMaster
[2024-08-24 03:30:09,427] {spark_submit.py:485} INFO - 24/08/24 03:30:09 INFO BlockManagerMasterEndpoint: Using org.apache.spark.storage.DefaultTopologyMapper for getting topology information
[2024-08-24 03:30:09,428] {spark_submit.py:485} INFO - 24/08/24 03:30:09 INFO BlockManagerMasterEndpoint: BlockManagerMasterEndpoint up
[2024-08-24 03:30:09,431] {spark_submit.py:485} INFO - 24/08/24 03:30:09 INFO SparkEnv: Registering BlockManagerMasterHeartbeat
[2024-08-24 03:30:09,453] {spark_submit.py:485} INFO - 24/08/24 03:30:09 INFO DiskBlockManager: Created local directory at /tmp/blockmgr-5fb7fb85-e2eb-4ba7-bbbb-f80441bb3167
[2024-08-24 03:30:09,469] {spark_submit.py:485} INFO - 24/08/24 03:30:09 INFO MemoryStore: MemoryStore started with capacity 434.4 MiB
[2024-08-24 03:30:09,485] {spark_submit.py:485} INFO - 24/08/24 03:30:09 INFO SparkEnv: Registering OutputCommitCoordinator
[2024-08-24 03:30:09,626] {spark_submit.py:485} INFO - 24/08/24 03:30:09 INFO JettyUtils: Start Jetty 0.0.0.0:4040 for SparkUI
[2024-08-24 03:30:09,676] {spark_submit.py:485} INFO - 24/08/24 03:30:09 INFO Utils: Successfully started service 'SparkUI' on port 4040.
[2024-08-24 03:30:09,767] {spark_submit.py:485} INFO - 24/08/24 03:30:09 INFO StandaloneAppClient$ClientEndpoint: Connecting to master spark://6b301313db92:7077...
[2024-08-24 03:30:09,808] {spark_submit.py:485} INFO - 24/08/24 03:30:09 INFO TransportClientFactory: Successfully created connection to 6b301313db92/172.19.0.3:7077 after 24 ms (0 ms spent in bootstraps)
[2024-08-24 03:30:29,767] {spark_submit.py:485} INFO - 24/08/24 03:30:29 INFO StandaloneAppClient$ClientEndpoint: Connecting to master spark://6b301313db92:7077...
[2024-08-24 03:30:49,767] {spark_submit.py:485} INFO - 24/08/24 03:30:49 INFO StandaloneAppClient$ClientEndpoint: Connecting to master spark://6b301313db92:7077...
[2024-08-24 03:31:09,768] {spark_submit.py:485} INFO - 24/08/24 03:31:09 WARN StandaloneSchedulerBackend: Application ID is not initialized yet.
[2024-08-24 03:31:09,768] {spark_submit.py:485} INFO - 24/08/24 03:31:09 ERROR StandaloneSchedulerBackend: Application has been killed. Reason: All masters are unresponsive! Giving up.
[2024-08-24 03:31:09,779] {spark_submit.py:485} INFO - 24/08/24 03:31:09 INFO Utils: Successfully started service 'org.apache.spark.network.netty.NettyBlockTransferService' on port 35155.
[2024-08-24 03:31:09,779] {spark_submit.py:485} INFO - 24/08/24 03:31:09 INFO NettyBlockTransferService: Server created on abd321025236:35155
[2024-08-24 03:31:09,780] {spark_submit.py:485} INFO - 24/08/24 03:31:09 INFO BlockManager: Using org.apache.spark.storage.RandomBlockReplicationPolicy for block replication policy
[2024-08-24 03:31:09,786] {spark_submit.py:485} INFO - 24/08/24 03:31:09 INFO BlockManagerMaster: Registering BlockManager BlockManagerId(driver, abd321025236, 35155, None)
[2024-08-24 03:31:09,788] {spark_submit.py:485} INFO - 24/08/24 03:31:09 INFO BlockManagerMasterEndpoint: Registering block manager abd321025236:35155 with 434.4 MiB RAM, BlockManagerId(driver, abd321025236, 35155, None)
[2024-08-24 03:31:09,790] {spark_submit.py:485} INFO - 24/08/24 03:31:09 INFO BlockManagerMaster: Registered BlockManager BlockManagerId(driver, abd321025236, 35155, None)
[2024-08-24 03:31:09,791] {spark_submit.py:485} INFO - 24/08/24 03:31:09 INFO BlockManager: Initialized BlockManager: BlockManagerId(driver, abd321025236, 35155, None)
[2024-08-24 03:31:09,957] {spark_submit.py:485} INFO - 24/08/24 03:31:09 INFO StandaloneSchedulerBackend: SchedulerBackend is ready for scheduling beginning after reached minRegisteredResourcesRatio: 0.0
[2024-08-24 03:31:10,189] {spark_submit.py:485} INFO - 24/08/24 03:31:10 INFO SparkContext: SparkContext is stopping with exitCode 0.
[2024-08-24 03:31:10,198] {spark_submit.py:485} INFO - 24/08/24 03:31:10 INFO SparkUI: Stopped Spark web UI at http://abd321025236:4040
[2024-08-24 03:31:10,203] {spark_submit.py:485} INFO - 24/08/24 03:31:10 INFO StandaloneSchedulerBackend: Shutting down all executors
[2024-08-24 03:31:10,205] {spark_submit.py:485} INFO - 24/08/24 03:31:10 INFO StandaloneSchedulerBackend$StandaloneDriverEndpoint: Asking each executor to shut down
[2024-08-24 03:31:10,208] {spark_submit.py:485} INFO - 24/08/24 03:31:10 WARN StandaloneAppClient$ClientEndpoint: Drop UnregisterApplication(null) because has not yet connected to master
[2024-08-24 03:31:10,217] {spark_submit.py:485} INFO - 24/08/24 03:31:10 INFO MapOutputTrackerMasterEndpoint: MapOutputTrackerMasterEndpoint stopped!
[2024-08-24 03:31:10,229] {spark_submit.py:485} INFO - 24/08/24 03:31:10 INFO MemoryStore: MemoryStore cleared
[2024-08-24 03:31:10,229] {spark_submit.py:485} INFO - 24/08/24 03:31:10 INFO BlockManager: BlockManager stopped
[2024-08-24 03:31:10,234] {spark_submit.py:485} INFO - 24/08/24 03:31:10 INFO BlockManagerMaster: BlockManagerMaster stopped
[2024-08-24 03:31:10,236] {spark_submit.py:485} INFO - 24/08/24 03:31:10 INFO OutputCommitCoordinator$OutputCommitCoordinatorEndpoint: OutputCommitCoordinator stopped!
[2024-08-24 03:31:10,245] {spark_submit.py:485} INFO - 24/08/24 03:31:10 INFO SparkContext: Successfully stopped SparkContext
[2024-08-24 03:31:10,933] {spark_submit.py:485} INFO - Traceback (most recent call last):
[2024-08-24 03:31:10,933] {spark_submit.py:485} INFO - File "/opt/***/dags/spark_etl_script_docker.py", line 25, in <module>
[2024-08-24 03:31:10,934] {spark_submit.py:485} INFO - RDD = sparkContext.parallelize([data])
[2024-08-24 03:31:10,934] {spark_submit.py:485} INFO - File "/home/***/.local/lib/python3.8/site-packages/pyspark/python/lib/pyspark.zip/pyspark/context.py", line 783, in parallelize
[2024-08-24 03:31:10,934] {spark_submit.py:485} INFO - File "/home/***/.local/lib/python3.8/site-packages/pyspark/python/lib/pyspark.zip/pyspark/context.py", line 630, in defaultParallelism
[2024-08-24 03:31:10,934] {spark_submit.py:485} INFO - File "/home/***/.local/lib/python3.8/site-packages/pyspark/python/lib/py4j-0.10.9.7-src.zip/py4j/java_gateway.py", line 1322, in __call__
[2024-08-24 03:31:10,934] {spark_submit.py:485} INFO - File "/home/***/.local/lib/python3.8/site-packages/pyspark/python/lib/pyspark.zip/pyspark/errors/exceptions/captured.py", line 179, in deco
[2024-08-24 03:31:10,934] {spark_submit.py:485} INFO - File "/home/***/.local/lib/python3.8/site-packages/pyspark/python/lib/py4j-0.10.9.7-src.zip/py4j/protocol.py", line 326, in get_return_value
[2024-08-24 03:31:10,934] {spark_submit.py:485} INFO - py4j.protocol.Py4JJavaError: An error occurred while calling o24.defaultParallelism.
[2024-08-24 03:31:10,935] {spark_submit.py:485} INFO - : java.lang.IllegalStateException: Cannot call methods on a stopped SparkContext.
[2024-08-24 03:31:10,935] {spark_submit.py:485} INFO - This stopped SparkContext was created at:
[2024-08-24 03:31:10,935] {spark_submit.py:485} INFO - 
[2024-08-24 03:31:10,935] {spark_submit.py:485} INFO - org.apache.spark.api.java.JavaSparkContext.<init>(JavaSparkContext.scala:58)
[2024-08-24 03:31:10,935] {spark_submit.py:485} INFO - java.base/jdk.internal.reflect.NativeConstructorAccessorImpl.newInstance0(Native Method)
[2024-08-24 03:31:10,935] {spark_submit.py:485} INFO - java.base/jdk.internal.reflect.NativeConstructorAccessorImpl.newInstance(NativeConstructorAccessorImpl.java:62)
[2024-08-24 03:31:10,935] {spark_submit.py:485} INFO - java.base/jdk.internal.reflect.DelegatingConstructorAccessorImpl.newInstance(DelegatingConstructorAccessorImpl.java:45)
[2024-08-24 03:31:10,935] {spark_submit.py:485} INFO - java.base/java.lang.reflect.Constructor.newInstance(Constructor.java:490)
[2024-08-24 03:31:10,935] {spark_submit.py:485} INFO - py4j.reflection.MethodInvoker.invoke(MethodInvoker.java:247)
[2024-08-24 03:31:10,935] {spark_submit.py:485} INFO - py4j.reflection.ReflectionEngine.invoke(ReflectionEngine.java:374)
[2024-08-24 03:31:10,935] {spark_submit.py:485} INFO - py4j.Gateway.invoke(Gateway.java:238)
[2024-08-24 03:31:10,935] {spark_submit.py:485} INFO - py4j.commands.ConstructorCommand.invokeConstructor(ConstructorCommand.java:80)
[2024-08-24 03:31:10,935] {spark_submit.py:485} INFO - py4j.commands.ConstructorCommand.execute(ConstructorCommand.java:69)
[2024-08-24 03:31:10,935] {spark_submit.py:485} INFO - py4j.ClientServerConnection.waitForCommands(ClientServerConnection.java:182)
[2024-08-24 03:31:10,936] {spark_submit.py:485} INFO - py4j.ClientServerConnection.run(ClientServerConnection.java:106)
[2024-08-24 03:31:10,936] {spark_submit.py:485} INFO - java.base/java.lang.Thread.run(Thread.java:829)
[2024-08-24 03:31:10,936] {spark_submit.py:485} INFO - 
[2024-08-24 03:31:10,936] {spark_submit.py:485} INFO - The currently active SparkContext was created at:
[2024-08-24 03:31:10,936] {spark_submit.py:485} INFO - 
[2024-08-24 03:31:10,936] {spark_submit.py:485} INFO - (No active SparkContext.)
[2024-08-24 03:31:10,936] {spark_submit.py:485} INFO - 
[2024-08-24 03:31:10,936] {spark_submit.py:485} INFO - at org.apache.spark.SparkContext.assertNotStopped(SparkContext.scala:122)
[2024-08-24 03:31:10,936] {spark_submit.py:485} INFO - at org.apache.spark.SparkContext.defaultParallelism(SparkContext.scala:2702)
[2024-08-24 03:31:10,936] {spark_submit.py:485} INFO - at java.base/jdk.internal.reflect.NativeMethodAccessorImpl.invoke0(Native Method)
[2024-08-24 03:31:10,936] {spark_submit.py:485} INFO - at java.base/jdk.internal.reflect.NativeMethodAccessorImpl.invoke(NativeMethodAccessorImpl.java:62)
[2024-08-24 03:31:10,936] {spark_submit.py:485} INFO - at java.base/jdk.internal.reflect.DelegatingMethodAccessorImpl.invoke(DelegatingMethodAccessorImpl.java:43)
[2024-08-24 03:31:10,936] {spark_submit.py:485} INFO - at java.base/java.lang.reflect.Method.invoke(Method.java:566)
[2024-08-24 03:31:10,936] {spark_submit.py:485} INFO - at py4j.reflection.MethodInvoker.invoke(MethodInvoker.java:244)
[2024-08-24 03:31:10,936] {spark_submit.py:485} INFO - at py4j.reflection.ReflectionEngine.invoke(ReflectionEngine.java:374)
[2024-08-24 03:31:10,936] {spark_submit.py:485} INFO - at py4j.Gateway.invoke(Gateway.java:282)
[2024-08-24 03:31:10,937] {spark_submit.py:485} INFO - at py4j.commands.AbstractCommand.invokeMethod(AbstractCommand.java:132)
[2024-08-24 03:31:10,937] {spark_submit.py:485} INFO - at py4j.commands.CallCommand.execute(CallCommand.java:79)
[2024-08-24 03:31:10,937] {spark_submit.py:485} INFO - at py4j.ClientServerConnection.waitForCommands(ClientServerConnection.java:182)
[2024-08-24 03:31:10,937] {spark_submit.py:485} INFO - at py4j.ClientServerConnection.run(ClientServerConnection.java:106)
[2024-08-24 03:31:10,937] {spark_submit.py:485} INFO - at java.base/java.lang.Thread.run(Thread.java:829)
[2024-08-24 03:31:10,937] {spark_submit.py:485} INFO - 
[2024-08-24 03:31:10,986] {spark_submit.py:485} INFO - 24/08/24 03:31:10 INFO ShutdownHookManager: Shutdown hook called
[2024-08-24 03:31:10,987] {spark_submit.py:485} INFO - 24/08/24 03:31:10 INFO ShutdownHookManager: Deleting directory /tmp/spark-a4c1f7e1-9e03-4ca1-a098-fe589e4ec730
[2024-08-24 03:31:10,990] {spark_submit.py:485} INFO - 24/08/24 03:31:10 INFO ShutdownHookManager: Deleting directory /tmp/spark-d5d48198-0393-4898-a54b-00c983f31d30/pyspark-2f1c84d7-4a32-4237-aa4b-b4ec8cf7f9c6
[2024-08-24 03:31:10,993] {spark_submit.py:485} INFO - 24/08/24 03:31:10 INFO ShutdownHookManager: Deleting directory /tmp/spark-d5d48198-0393-4898-a54b-00c983f31d30
[2024-08-24 03:31:11,027] {taskinstance.py:1774} ERROR - Task failed with exception
Traceback (most recent call last):
  File "/home/airflow/.local/lib/python3.8/site-packages/airflow/providers/apache/spark/operators/spark_submit.py", line 157, in execute
    self._hook.submit(self._application)
  File "/home/airflow/.local/lib/python3.8/site-packages/airflow/providers/apache/spark/hooks/spark_submit.py", line 416, in submit
    raise AirflowException(
airflow.exceptions.AirflowException: Cannot execute: spark-submit --master spark://6b301313db92:7077 --name arrow-spark /opt/***/dags/spark_etl_script_docker.py. Error code is: 1.
[2024-08-24 03:31:11,032] {taskinstance.py:1278} INFO - Marking task as FAILED. dag_id=spark_***_dag, task_id=spark_submit_task, execution_date=20240824T033004, start_date=20240824T033005, end_date=20240824T033111
[2024-08-24 03:31:11,046] {standard_task_runner.py:93} ERROR - Failed to execute job 5 for task spark_submit_task (Cannot execute: spark-submit --master spark://6b301313db92:7077 --name arrow-spark /opt/***/dags/spark_etl_script_docker.py. Error code is: 1.; 819)
[2024-08-24 03:31:11,064] {local_task_job.py:154} INFO - Task exited with return code 1
[2024-08-24 03:31:11,085] {local_task_job.py:264} INFO - 0 downstream tasks scheduled from follow-on schedule check
