[2024-08-24 10:01:33,566] {taskinstance.py:1043} INFO - Dependencies all met for <TaskInstance: spark_airflow_dag.spark_submit_task manual__2024-08-24T03:30:04.316113+00:00 [queued]>
[2024-08-24 10:01:33,576] {taskinstance.py:1043} INFO - Dependencies all met for <TaskInstance: spark_airflow_dag.spark_submit_task manual__2024-08-24T03:30:04.316113+00:00 [queued]>
[2024-08-24 10:01:33,576] {taskinstance.py:1249} INFO - 
--------------------------------------------------------------------------------
[2024-08-24 10:01:33,576] {taskinstance.py:1250} INFO - Starting attempt 3 of 3
[2024-08-24 10:01:33,576] {taskinstance.py:1251} INFO - 
--------------------------------------------------------------------------------
[2024-08-24 10:01:33,588] {taskinstance.py:1270} INFO - Executing <Task(SparkSubmitOperator): spark_submit_task> on 2024-08-24 03:30:04.316113+00:00
[2024-08-24 10:01:33,592] {standard_task_runner.py:52} INFO - Started process 113 to run task
[2024-08-24 10:01:33,594] {standard_task_runner.py:79} INFO - Running: ['***', 'tasks', 'run', 'spark_***_dag', 'spark_submit_task', 'manual__2024-08-24T03:30:04.316113+00:00', '--job-id', '11', '--raw', '--subdir', 'DAGS_FOLDER/spark_jobs_dag.py', '--cfg-path', '/tmp/tmpm7fd8f1x', '--error-file', '/tmp/tmpaa_c3om6']
[2024-08-24 10:01:33,594] {standard_task_runner.py:80} INFO - Job 11: Subtask spark_submit_task
[2024-08-24 10:01:33,637] {logging_mixin.py:109} INFO - Running <TaskInstance: spark_***_dag.spark_submit_task manual__2024-08-24T03:30:04.316113+00:00 [running]> on host 8ec127753919
[2024-08-24 10:01:33,676] {taskinstance.py:1446} INFO - Exporting the following env vars:
AIRFLOW_CTX_DAG_OWNER=***
AIRFLOW_CTX_DAG_ID=spark_***_dag
AIRFLOW_CTX_TASK_ID=spark_submit_task
AIRFLOW_CTX_EXECUTION_DATE=2024-08-24T03:30:04.316113+00:00
AIRFLOW_CTX_DAG_RUN_ID=manual__2024-08-24T03:30:04.316113+00:00
[2024-08-24 10:01:33,683] {base.py:70} INFO - Using connection to: id: spark_local. Host: spark://6f14941b38b1, Port: 7077, Schema: , Login: , Password: None, extra: {'queue': 'root.default', 'deploy_mode': 'cluster', 'spark_home': '/opt/bitnami/spark/', 'spark_binary': 'spark-submit', 'namespace': 'default'}
[2024-08-24 10:01:33,685] {spark_submit.py:334} INFO - Spark-Submit cmd: spark-submit --master spark://6f14941b38b1:7077 --name arrow-spark --queue root.default /opt/***/dags/spark_etl_script_docker.py
[2024-08-24 10:01:33,791] {spark_submit.py:485} INFO - /home/***/.local/lib/python3.8/site-packages/pyspark/bin/load-spark-env.sh: line 68: ps: command not found
[2024-08-24 10:01:37,589] {spark_submit.py:485} INFO - 24/08/24 10:01:37 INFO SparkContext: Running Spark version 3.5.2
[2024-08-24 10:01:37,591] {spark_submit.py:485} INFO - 24/08/24 10:01:37 INFO SparkContext: OS info Linux, 5.10.102.1-microsoft-standard-WSL2, amd64
[2024-08-24 10:01:37,591] {spark_submit.py:485} INFO - 24/08/24 10:01:37 INFO SparkContext: Java version 11.0.23
[2024-08-24 10:01:37,670] {spark_submit.py:485} INFO - 24/08/24 10:01:37 WARN NativeCodeLoader: Unable to load native-hadoop library for your platform... using builtin-java classes where applicable
[2024-08-24 10:01:37,776] {spark_submit.py:485} INFO - 24/08/24 10:01:37 INFO ResourceUtils: ==============================================================
[2024-08-24 10:01:37,776] {spark_submit.py:485} INFO - 24/08/24 10:01:37 INFO ResourceUtils: No custom resources configured for spark.driver.
[2024-08-24 10:01:37,776] {spark_submit.py:485} INFO - 24/08/24 10:01:37 INFO ResourceUtils: ==============================================================
[2024-08-24 10:01:37,777] {spark_submit.py:485} INFO - 24/08/24 10:01:37 INFO SparkContext: Submitted application: DataExtraction
[2024-08-24 10:01:37,801] {spark_submit.py:485} INFO - 24/08/24 10:01:37 INFO ResourceProfile: Default ResourceProfile created, executor resources: Map(memory -> name: memory, amount: 1024, script: , vendor: , offHeap -> name: offHeap, amount: 0, script: , vendor: ), task resources: Map(cpus -> name: cpus, amount: 1.0)
[2024-08-24 10:01:37,812] {spark_submit.py:485} INFO - 24/08/24 10:01:37 INFO ResourceProfile: Limiting resource is cpu
[2024-08-24 10:01:37,813] {spark_submit.py:485} INFO - 24/08/24 10:01:37 INFO ResourceProfileManager: Added ResourceProfile id: 0
[2024-08-24 10:01:37,877] {spark_submit.py:485} INFO - 24/08/24 10:01:37 INFO SecurityManager: Changing view acls to: default
[2024-08-24 10:01:37,878] {spark_submit.py:485} INFO - 24/08/24 10:01:37 INFO SecurityManager: Changing modify acls to: default
[2024-08-24 10:01:37,878] {spark_submit.py:485} INFO - 24/08/24 10:01:37 INFO SecurityManager: Changing view acls groups to:
[2024-08-24 10:01:37,879] {spark_submit.py:485} INFO - 24/08/24 10:01:37 INFO SecurityManager: Changing modify acls groups to:
[2024-08-24 10:01:37,879] {spark_submit.py:485} INFO - 24/08/24 10:01:37 INFO SecurityManager: SecurityManager: authentication disabled; ui acls disabled; users with view permissions: default; groups with view permissions: EMPTY; users with modify permissions: default; groups with modify permissions: EMPTY
[2024-08-24 10:01:38,139] {spark_submit.py:485} INFO - 24/08/24 10:01:38 INFO Utils: Successfully started service 'sparkDriver' on port 35729.
[2024-08-24 10:01:38,176] {spark_submit.py:485} INFO - 24/08/24 10:01:38 INFO SparkEnv: Registering MapOutputTracker
[2024-08-24 10:01:38,216] {spark_submit.py:485} INFO - 24/08/24 10:01:38 INFO SparkEnv: Registering BlockManagerMaster
[2024-08-24 10:01:38,242] {spark_submit.py:485} INFO - 24/08/24 10:01:38 INFO BlockManagerMasterEndpoint: Using org.apache.spark.storage.DefaultTopologyMapper for getting topology information
[2024-08-24 10:01:38,243] {spark_submit.py:485} INFO - 24/08/24 10:01:38 INFO BlockManagerMasterEndpoint: BlockManagerMasterEndpoint up
[2024-08-24 10:01:38,247] {spark_submit.py:485} INFO - 24/08/24 10:01:38 INFO SparkEnv: Registering BlockManagerMasterHeartbeat
[2024-08-24 10:01:38,288] {spark_submit.py:485} INFO - 24/08/24 10:01:38 INFO DiskBlockManager: Created local directory at /tmp/blockmgr-786f5eed-956e-4070-b81b-6c92080c8c78
[2024-08-24 10:01:38,303] {spark_submit.py:485} INFO - 24/08/24 10:01:38 INFO MemoryStore: MemoryStore started with capacity 434.4 MiB
[2024-08-24 10:01:38,322] {spark_submit.py:485} INFO - 24/08/24 10:01:38 INFO SparkEnv: Registering OutputCommitCoordinator
[2024-08-24 10:01:38,507] {spark_submit.py:485} INFO - 24/08/24 10:01:38 INFO JettyUtils: Start Jetty 0.0.0.0:4040 for SparkUI
[2024-08-24 10:01:38,568] {spark_submit.py:485} INFO - 24/08/24 10:01:38 INFO Utils: Successfully started service 'SparkUI' on port 4040.
[2024-08-24 10:01:38,676] {spark_submit.py:485} INFO - 24/08/24 10:01:38 INFO StandaloneAppClient$ClientEndpoint: Connecting to master spark://6f14941b38b1:7077...
[2024-08-24 10:01:38,727] {spark_submit.py:485} INFO - 24/08/24 10:01:38 INFO TransportClientFactory: Successfully created connection to 6f14941b38b1/172.19.0.3:7077 after 28 ms (0 ms spent in bootstraps)
[2024-08-24 10:01:58,677] {spark_submit.py:485} INFO - 24/08/24 10:01:58 INFO StandaloneAppClient$ClientEndpoint: Connecting to master spark://6f14941b38b1:7077...
[2024-08-24 10:02:18,677] {spark_submit.py:485} INFO - 24/08/24 10:02:18 INFO StandaloneAppClient$ClientEndpoint: Connecting to master spark://6f14941b38b1:7077...
[2024-08-24 10:02:38,684] {spark_submit.py:485} INFO - 24/08/24 10:02:38 WARN StandaloneSchedulerBackend: Application ID is not initialized yet.
[2024-08-24 10:02:38,684] {spark_submit.py:485} INFO - 24/08/24 10:02:38 ERROR StandaloneSchedulerBackend: Application has been killed. Reason: All masters are unresponsive! Giving up.
[2024-08-24 10:02:38,732] {spark_submit.py:485} INFO - 24/08/24 10:02:38 INFO Utils: Successfully started service 'org.apache.spark.network.netty.NettyBlockTransferService' on port 37005.
[2024-08-24 10:02:38,733] {spark_submit.py:485} INFO - 24/08/24 10:02:38 INFO NettyBlockTransferService: Server created on 8ec127753919:37005
[2024-08-24 10:02:38,747] {spark_submit.py:485} INFO - 24/08/24 10:02:38 INFO BlockManager: Using org.apache.spark.storage.RandomBlockReplicationPolicy for block replication policy
[2024-08-24 10:02:38,794] {spark_submit.py:485} INFO - 24/08/24 10:02:38 INFO BlockManagerMaster: Registering BlockManager BlockManagerId(driver, 8ec127753919, 37005, None)
[2024-08-24 10:02:38,805] {spark_submit.py:485} INFO - 24/08/24 10:02:38 INFO BlockManagerMasterEndpoint: Registering block manager 8ec127753919:37005 with 434.4 MiB RAM, BlockManagerId(driver, 8ec127753919, 37005, None)
[2024-08-24 10:02:38,810] {spark_submit.py:485} INFO - 24/08/24 10:02:38 INFO BlockManagerMaster: Registered BlockManager BlockManagerId(driver, 8ec127753919, 37005, None)
[2024-08-24 10:02:38,812] {spark_submit.py:485} INFO - 24/08/24 10:02:38 INFO BlockManager: Initialized BlockManager: BlockManagerId(driver, 8ec127753919, 37005, None)
[2024-08-24 10:02:39,043] {spark_submit.py:485} INFO - 24/08/24 10:02:39 INFO StandaloneSchedulerBackend: SchedulerBackend is ready for scheduling beginning after reached minRegisteredResourcesRatio: 0.0
[2024-08-24 10:02:39,289] {spark_submit.py:485} INFO - 24/08/24 10:02:39 INFO SparkContext: SparkContext is stopping with exitCode 0.
[2024-08-24 10:02:39,300] {spark_submit.py:485} INFO - 24/08/24 10:02:39 INFO SparkUI: Stopped Spark web UI at http://8ec127753919:4040
[2024-08-24 10:02:39,305] {spark_submit.py:485} INFO - 24/08/24 10:02:39 INFO StandaloneSchedulerBackend: Shutting down all executors
[2024-08-24 10:02:39,307] {spark_submit.py:485} INFO - 24/08/24 10:02:39 INFO StandaloneSchedulerBackend$StandaloneDriverEndpoint: Asking each executor to shut down
[2024-08-24 10:02:39,312] {spark_submit.py:485} INFO - 24/08/24 10:02:39 WARN StandaloneAppClient$ClientEndpoint: Drop UnregisterApplication(null) because has not yet connected to master
[2024-08-24 10:02:39,322] {spark_submit.py:485} INFO - 24/08/24 10:02:39 INFO MapOutputTrackerMasterEndpoint: MapOutputTrackerMasterEndpoint stopped!
[2024-08-24 10:02:39,334] {spark_submit.py:485} INFO - 24/08/24 10:02:39 INFO MemoryStore: MemoryStore cleared
[2024-08-24 10:02:39,334] {spark_submit.py:485} INFO - 24/08/24 10:02:39 INFO BlockManager: BlockManager stopped
[2024-08-24 10:02:39,338] {spark_submit.py:485} INFO - 24/08/24 10:02:39 INFO BlockManagerMaster: BlockManagerMaster stopped
[2024-08-24 10:02:39,340] {spark_submit.py:485} INFO - 24/08/24 10:02:39 INFO OutputCommitCoordinator$OutputCommitCoordinatorEndpoint: OutputCommitCoordinator stopped!
[2024-08-24 10:02:39,348] {spark_submit.py:485} INFO - 24/08/24 10:02:39 INFO SparkContext: Successfully stopped SparkContext
[2024-08-24 10:02:40,292] {spark_submit.py:485} INFO - Traceback (most recent call last):
[2024-08-24 10:02:40,292] {spark_submit.py:485} INFO - File "/opt/***/dags/spark_etl_script_docker.py", line 25, in <module>
[2024-08-24 10:02:40,293] {spark_submit.py:485} INFO - RDD = sparkContext.parallelize([data])
[2024-08-24 10:02:40,293] {spark_submit.py:485} INFO - File "/home/***/.local/lib/python3.8/site-packages/pyspark/python/lib/pyspark.zip/pyspark/context.py", line 783, in parallelize
[2024-08-24 10:02:40,293] {spark_submit.py:485} INFO - File "/home/***/.local/lib/python3.8/site-packages/pyspark/python/lib/pyspark.zip/pyspark/context.py", line 630, in defaultParallelism
[2024-08-24 10:02:40,293] {spark_submit.py:485} INFO - File "/home/***/.local/lib/python3.8/site-packages/pyspark/python/lib/py4j-0.10.9.7-src.zip/py4j/java_gateway.py", line 1322, in __call__
[2024-08-24 10:02:40,293] {spark_submit.py:485} INFO - File "/home/***/.local/lib/python3.8/site-packages/pyspark/python/lib/pyspark.zip/pyspark/errors/exceptions/captured.py", line 179, in deco
[2024-08-24 10:02:40,293] {spark_submit.py:485} INFO - File "/home/***/.local/lib/python3.8/site-packages/pyspark/python/lib/py4j-0.10.9.7-src.zip/py4j/protocol.py", line 326, in get_return_value
[2024-08-24 10:02:40,293] {spark_submit.py:485} INFO - py4j.protocol.Py4JJavaError: An error occurred while calling o24.defaultParallelism.
[2024-08-24 10:02:40,293] {spark_submit.py:485} INFO - : java.lang.IllegalStateException: Cannot call methods on a stopped SparkContext.
[2024-08-24 10:02:40,293] {spark_submit.py:485} INFO - This stopped SparkContext was created at:
[2024-08-24 10:02:40,293] {spark_submit.py:485} INFO - 
[2024-08-24 10:02:40,293] {spark_submit.py:485} INFO - org.apache.spark.api.java.JavaSparkContext.<init>(JavaSparkContext.scala:58)
[2024-08-24 10:02:40,293] {spark_submit.py:485} INFO - java.base/jdk.internal.reflect.NativeConstructorAccessorImpl.newInstance0(Native Method)
[2024-08-24 10:02:40,293] {spark_submit.py:485} INFO - java.base/jdk.internal.reflect.NativeConstructorAccessorImpl.newInstance(NativeConstructorAccessorImpl.java:62)
[2024-08-24 10:02:40,294] {spark_submit.py:485} INFO - java.base/jdk.internal.reflect.DelegatingConstructorAccessorImpl.newInstance(DelegatingConstructorAccessorImpl.java:45)
[2024-08-24 10:02:40,294] {spark_submit.py:485} INFO - java.base/java.lang.reflect.Constructor.newInstance(Constructor.java:490)
[2024-08-24 10:02:40,294] {spark_submit.py:485} INFO - py4j.reflection.MethodInvoker.invoke(MethodInvoker.java:247)
[2024-08-24 10:02:40,294] {spark_submit.py:485} INFO - py4j.reflection.ReflectionEngine.invoke(ReflectionEngine.java:374)
[2024-08-24 10:02:40,294] {spark_submit.py:485} INFO - py4j.Gateway.invoke(Gateway.java:238)
[2024-08-24 10:02:40,294] {spark_submit.py:485} INFO - py4j.commands.ConstructorCommand.invokeConstructor(ConstructorCommand.java:80)
[2024-08-24 10:02:40,294] {spark_submit.py:485} INFO - py4j.commands.ConstructorCommand.execute(ConstructorCommand.java:69)
[2024-08-24 10:02:40,294] {spark_submit.py:485} INFO - py4j.ClientServerConnection.waitForCommands(ClientServerConnection.java:182)
[2024-08-24 10:02:40,294] {spark_submit.py:485} INFO - py4j.ClientServerConnection.run(ClientServerConnection.java:106)
[2024-08-24 10:02:40,294] {spark_submit.py:485} INFO - java.base/java.lang.Thread.run(Thread.java:829)
[2024-08-24 10:02:40,294] {spark_submit.py:485} INFO - 
[2024-08-24 10:02:40,294] {spark_submit.py:485} INFO - The currently active SparkContext was created at:
[2024-08-24 10:02:40,294] {spark_submit.py:485} INFO - 
[2024-08-24 10:02:40,294] {spark_submit.py:485} INFO - (No active SparkContext.)
[2024-08-24 10:02:40,294] {spark_submit.py:485} INFO - 
[2024-08-24 10:02:40,295] {spark_submit.py:485} INFO - at org.apache.spark.SparkContext.assertNotStopped(SparkContext.scala:122)
[2024-08-24 10:02:40,295] {spark_submit.py:485} INFO - at org.apache.spark.SparkContext.defaultParallelism(SparkContext.scala:2702)
[2024-08-24 10:02:40,295] {spark_submit.py:485} INFO - at java.base/jdk.internal.reflect.NativeMethodAccessorImpl.invoke0(Native Method)
[2024-08-24 10:02:40,295] {spark_submit.py:485} INFO - at java.base/jdk.internal.reflect.NativeMethodAccessorImpl.invoke(NativeMethodAccessorImpl.java:62)
[2024-08-24 10:02:40,295] {spark_submit.py:485} INFO - at java.base/jdk.internal.reflect.DelegatingMethodAccessorImpl.invoke(DelegatingMethodAccessorImpl.java:43)
[2024-08-24 10:02:40,295] {spark_submit.py:485} INFO - at java.base/java.lang.reflect.Method.invoke(Method.java:566)
[2024-08-24 10:02:40,295] {spark_submit.py:485} INFO - at py4j.reflection.MethodInvoker.invoke(MethodInvoker.java:244)
[2024-08-24 10:02:40,295] {spark_submit.py:485} INFO - at py4j.reflection.ReflectionEngine.invoke(ReflectionEngine.java:374)
[2024-08-24 10:02:40,295] {spark_submit.py:485} INFO - at py4j.Gateway.invoke(Gateway.java:282)
[2024-08-24 10:02:40,295] {spark_submit.py:485} INFO - at py4j.commands.AbstractCommand.invokeMethod(AbstractCommand.java:132)
[2024-08-24 10:02:40,295] {spark_submit.py:485} INFO - at py4j.commands.CallCommand.execute(CallCommand.java:79)
[2024-08-24 10:02:40,295] {spark_submit.py:485} INFO - at py4j.ClientServerConnection.waitForCommands(ClientServerConnection.java:182)
[2024-08-24 10:02:40,295] {spark_submit.py:485} INFO - at py4j.ClientServerConnection.run(ClientServerConnection.java:106)
[2024-08-24 10:02:40,295] {spark_submit.py:485} INFO - at java.base/java.lang.Thread.run(Thread.java:829)
[2024-08-24 10:02:40,296] {spark_submit.py:485} INFO - 
[2024-08-24 10:02:40,354] {spark_submit.py:485} INFO - 24/08/24 10:02:40 INFO ShutdownHookManager: Shutdown hook called
[2024-08-24 10:02:40,354] {spark_submit.py:485} INFO - 24/08/24 10:02:40 INFO ShutdownHookManager: Deleting directory /tmp/spark-7677cec1-ece7-49d4-b985-795fd1b037b9
[2024-08-24 10:02:40,357] {spark_submit.py:485} INFO - 24/08/24 10:02:40 INFO ShutdownHookManager: Deleting directory /tmp/spark-5e1edbe7-9585-46ac-ab82-ae37d0b78139
[2024-08-24 10:02:40,360] {spark_submit.py:485} INFO - 24/08/24 10:02:40 INFO ShutdownHookManager: Deleting directory /tmp/spark-5e1edbe7-9585-46ac-ab82-ae37d0b78139/pyspark-2eb82302-e00e-4014-a9df-4aa7c6e7beb4
[2024-08-24 10:02:40,395] {taskinstance.py:1774} ERROR - Task failed with exception
Traceback (most recent call last):
  File "/home/airflow/.local/lib/python3.8/site-packages/airflow/providers/apache/spark/operators/spark_submit.py", line 157, in execute
    self._hook.submit(self._application)
  File "/home/airflow/.local/lib/python3.8/site-packages/airflow/providers/apache/spark/hooks/spark_submit.py", line 416, in submit
    raise AirflowException(
airflow.exceptions.AirflowException: Cannot execute: spark-submit --master spark://6f14941b38b1:7077 --name arrow-spark --queue root.default /opt/***/dags/spark_etl_script_docker.py. Error code is: 1.
[2024-08-24 10:02:40,402] {taskinstance.py:1278} INFO - Marking task as FAILED. dag_id=spark_***_dag, task_id=spark_submit_task, execution_date=20240824T033004, start_date=20240824T100133, end_date=20240824T100240
[2024-08-24 10:02:40,416] {standard_task_runner.py:93} ERROR - Failed to execute job 11 for task spark_submit_task (Cannot execute: spark-submit --master spark://6f14941b38b1:7077 --name arrow-spark --queue root.default /opt/***/dags/spark_etl_script_docker.py. Error code is: 1.; 113)
[2024-08-24 10:02:40,454] {local_task_job.py:154} INFO - Task exited with return code 1
[2024-08-24 10:02:40,475] {local_task_job.py:264} INFO - 0 downstream tasks scheduled from follow-on schedule check
