[2024-08-24T11:10:15.057+0000] {local_task_job_runner.py:123} INFO - ::group::Pre task execution logs
[2024-08-24T11:10:15.071+0000] {taskinstance.py:2603} INFO - Dependencies all met for dep_context=non-requeueable deps ti=<TaskInstance: spark_airflow_dag.spark_submit_task manual__2024-08-24T03:30:04.316113+00:00 [queued]>
[2024-08-24T11:10:15.078+0000] {taskinstance.py:2603} INFO - Dependencies all met for dep_context=requeueable deps ti=<TaskInstance: spark_airflow_dag.spark_submit_task manual__2024-08-24T03:30:04.316113+00:00 [queued]>
[2024-08-24T11:10:15.079+0000] {taskinstance.py:2856} INFO - Starting attempt 7 of 7
[2024-08-24T11:10:15.091+0000] {taskinstance.py:2879} INFO - Executing <Task(SparkSubmitOperator): spark_submit_task> on 2024-08-24 03:30:04.316113+00:00
[2024-08-24T11:10:15.097+0000] {standard_task_runner.py:72} INFO - Started process 114 to run task
[2024-08-24T11:10:15.100+0000] {standard_task_runner.py:104} INFO - Running: ['***', 'tasks', 'run', 'spark_***_dag', 'spark_submit_task', 'manual__2024-08-24T03:30:04.316113+00:00', '--job-id', '56', '--raw', '--subdir', 'DAGS_FOLDER/spark_jobs_dag.py', '--cfg-path', '/tmp/tmpqi_mmzyb']
[2024-08-24T11:10:15.101+0000] {standard_task_runner.py:105} INFO - Job 56: Subtask spark_submit_task
[2024-08-24T11:10:15.113+0000] {warnings.py:109} WARNING - /home/***/.local/lib/python3.8/site-packages/***/settings.py:209: DeprecationWarning: The sql_alchemy_conn option in [core] has been moved to the sql_alchemy_conn option in [database] - the old setting has been used, but please update your config.
  SQL_ALCHEMY_CONN = conf.get("database", "SQL_ALCHEMY_CONN")

[2024-08-24T11:10:15.150+0000] {task_command.py:467} INFO - Running <TaskInstance: spark_airflow_dag.spark_submit_task manual__2024-08-24T03:30:04.316113+00:00 [running]> on host 40c80272b42e
[2024-08-24T11:10:15.228+0000] {taskinstance.py:3122} INFO - Exporting env vars: AIRFLOW_CTX_DAG_OWNER='***' AIRFLOW_CTX_DAG_ID='spark_***_dag' AIRFLOW_CTX_TASK_ID='spark_submit_task' AIRFLOW_CTX_EXECUTION_DATE='2024-08-24T03:30:04.316113+00:00' AIRFLOW_CTX_TRY_NUMBER='7' AIRFLOW_CTX_DAG_RUN_ID='manual__2024-08-24T03:30:04.316113+00:00'
[2024-08-24T11:10:15.229+0000] {logging_mixin.py:190} INFO - Task instance is in running state
[2024-08-24T11:10:15.230+0000] {logging_mixin.py:190} INFO -  Previous state of the Task instance: queued
[2024-08-24T11:10:15.230+0000] {logging_mixin.py:190} INFO - Current task name:spark_submit_task state:running start_date:2024-08-24 11:10:15.072224+00:00
[2024-08-24T11:10:15.230+0000] {logging_mixin.py:190} INFO - Dag name:spark_***_dag and current dag run status:running
[2024-08-24T11:10:15.230+0000] {taskinstance.py:731} INFO - ::endgroup::
[2024-08-24T11:10:15.240+0000] {base.py:84} INFO - Retrieving connection 'spark_local'
[2024-08-24T11:10:15.241+0000] {spark_submit.py:403} INFO - Spark-Submit cmd: spark-submit --master spark://5dc395a20b60:7077 --name arrow-spark --queue root.default --deploy-mode client /opt/***/dags/spark_etl_script_docker.py
[2024-08-24T11:10:18.393+0000] {spark_submit.py:579} INFO - 24/08/24 11:10:18 INFO SparkContext: Running Spark version 3.5.2
[2024-08-24T11:10:18.395+0000] {spark_submit.py:579} INFO - 24/08/24 11:10:18 INFO SparkContext: OS info Linux, 5.15.153.1-microsoft-standard-WSL2, amd64
[2024-08-24T11:10:18.396+0000] {spark_submit.py:579} INFO - 24/08/24 11:10:18 INFO SparkContext: Java version 17.0.12
[2024-08-24T11:10:18.449+0000] {spark_submit.py:579} INFO - 24/08/24 11:10:18 WARN NativeCodeLoader: Unable to load native-hadoop library for your platform... using builtin-java classes where applicable
[2024-08-24T11:10:18.522+0000] {spark_submit.py:579} INFO - 24/08/24 11:10:18 INFO ResourceUtils: ==============================================================
[2024-08-24T11:10:18.522+0000] {spark_submit.py:579} INFO - 24/08/24 11:10:18 INFO ResourceUtils: No custom resources configured for spark.driver.
[2024-08-24T11:10:18.522+0000] {spark_submit.py:579} INFO - 24/08/24 11:10:18 INFO ResourceUtils: ==============================================================
[2024-08-24T11:10:18.523+0000] {spark_submit.py:579} INFO - 24/08/24 11:10:18 INFO SparkContext: Submitted application: DataExtraction
[2024-08-24T11:10:18.541+0000] {spark_submit.py:579} INFO - 24/08/24 11:10:18 INFO ResourceProfile: Default ResourceProfile created, executor resources: Map(memory -> name: memory, amount: 1024, script: , vendor: , offHeap -> name: offHeap, amount: 0, script: , vendor: ), task resources: Map(cpus -> name: cpus, amount: 1.0)
[2024-08-24T11:10:18.549+0000] {spark_submit.py:579} INFO - 24/08/24 11:10:18 INFO ResourceProfile: Limiting resource is cpu
[2024-08-24T11:10:18.549+0000] {spark_submit.py:579} INFO - 24/08/24 11:10:18 INFO ResourceProfileManager: Added ResourceProfile id: 0
[2024-08-24T11:10:18.593+0000] {spark_submit.py:579} INFO - 24/08/24 11:10:18 INFO SecurityManager: Changing view acls to: default
[2024-08-24T11:10:18.593+0000] {spark_submit.py:579} INFO - 24/08/24 11:10:18 INFO SecurityManager: Changing modify acls to: default
[2024-08-24T11:10:18.593+0000] {spark_submit.py:579} INFO - 24/08/24 11:10:18 INFO SecurityManager: Changing view acls groups to:
[2024-08-24T11:10:18.594+0000] {spark_submit.py:579} INFO - 24/08/24 11:10:18 INFO SecurityManager: Changing modify acls groups to:
[2024-08-24T11:10:18.594+0000] {spark_submit.py:579} INFO - 24/08/24 11:10:18 INFO SecurityManager: SecurityManager: authentication disabled; ui acls disabled; users with view permissions: default; groups with view permissions: EMPTY; users with modify permissions: default; groups with modify permissions: EMPTY
[2024-08-24T11:10:18.768+0000] {spark_submit.py:579} INFO - 24/08/24 11:10:18 INFO Utils: Successfully started service 'sparkDriver' on port 43819.
[2024-08-24T11:10:18.796+0000] {spark_submit.py:579} INFO - 24/08/24 11:10:18 INFO SparkEnv: Registering MapOutputTracker
[2024-08-24T11:10:18.827+0000] {spark_submit.py:579} INFO - 24/08/24 11:10:18 INFO SparkEnv: Registering BlockManagerMaster
[2024-08-24T11:10:18.844+0000] {spark_submit.py:579} INFO - 24/08/24 11:10:18 INFO BlockManagerMasterEndpoint: Using org.apache.spark.storage.DefaultTopologyMapper for getting topology information
[2024-08-24T11:10:18.845+0000] {spark_submit.py:579} INFO - 24/08/24 11:10:18 INFO BlockManagerMasterEndpoint: BlockManagerMasterEndpoint up
[2024-08-24T11:10:18.850+0000] {spark_submit.py:579} INFO - 24/08/24 11:10:18 INFO SparkEnv: Registering BlockManagerMasterHeartbeat
[2024-08-24T11:10:18.872+0000] {spark_submit.py:579} INFO - 24/08/24 11:10:18 INFO DiskBlockManager: Created local directory at /tmp/blockmgr-8090c374-d945-4446-88b3-223b52f6e620
[2024-08-24T11:10:18.888+0000] {spark_submit.py:579} INFO - 24/08/24 11:10:18 INFO MemoryStore: MemoryStore started with capacity 434.4 MiB
[2024-08-24T11:10:18.904+0000] {spark_submit.py:579} INFO - 24/08/24 11:10:18 INFO SparkEnv: Registering OutputCommitCoordinator
[2024-08-24T11:10:19.033+0000] {spark_submit.py:579} INFO - 24/08/24 11:10:19 INFO JettyUtils: Start Jetty 0.0.0.0:4040 for SparkUI
[2024-08-24T11:10:19.107+0000] {spark_submit.py:579} INFO - 24/08/24 11:10:19 INFO Utils: Successfully started service 'SparkUI' on port 4040.
[2024-08-24T11:10:19.252+0000] {spark_submit.py:579} INFO - 24/08/24 11:10:19 INFO StandaloneAppClient$ClientEndpoint: Connecting to master spark://5dc395a20b60:7077...
[2024-08-24T11:10:19.296+0000] {spark_submit.py:579} INFO - 24/08/24 11:10:19 INFO TransportClientFactory: Successfully created connection to 5dc395a20b60/172.19.0.3:7077 after 23 ms (0 ms spent in bootstraps)
[2024-08-24T11:10:19.375+0000] {spark_submit.py:579} INFO - 24/08/24 11:10:19 INFO StandaloneSchedulerBackend: Connected to Spark cluster with app ID app-20240824111019-0001
[2024-08-24T11:10:19.377+0000] {spark_submit.py:579} INFO - 24/08/24 11:10:19 INFO StandaloneAppClient$ClientEndpoint: Executor added: app-20240824111019-0001/0 on worker-20240824110813-172.19.0.2-38937 (172.19.0.2:38937) with 1 core(s)
[2024-08-24T11:10:19.380+0000] {spark_submit.py:579} INFO - 24/08/24 11:10:19 INFO StandaloneSchedulerBackend: Granted executor ID app-20240824111019-0001/0 on hostPort 172.19.0.2:38937 with 1 core(s), 1024.0 MiB RAM
[2024-08-24T11:10:19.384+0000] {spark_submit.py:579} INFO - 24/08/24 11:10:19 INFO Utils: Successfully started service 'org.apache.spark.network.netty.NettyBlockTransferService' on port 44885.
[2024-08-24T11:10:19.384+0000] {spark_submit.py:579} INFO - 24/08/24 11:10:19 INFO NettyBlockTransferService: Server created on 40c80272b42e:44885
[2024-08-24T11:10:19.386+0000] {spark_submit.py:579} INFO - 24/08/24 11:10:19 INFO BlockManager: Using org.apache.spark.storage.RandomBlockReplicationPolicy for block replication policy
[2024-08-24T11:10:19.393+0000] {spark_submit.py:579} INFO - 24/08/24 11:10:19 INFO BlockManagerMaster: Registering BlockManager BlockManagerId(driver, 40c80272b42e, 44885, None)
[2024-08-24T11:10:19.398+0000] {spark_submit.py:579} INFO - 24/08/24 11:10:19 INFO BlockManagerMasterEndpoint: Registering block manager 40c80272b42e:44885 with 434.4 MiB RAM, BlockManagerId(driver, 40c80272b42e, 44885, None)
[2024-08-24T11:10:19.400+0000] {spark_submit.py:579} INFO - 24/08/24 11:10:19 INFO BlockManagerMaster: Registered BlockManager BlockManagerId(driver, 40c80272b42e, 44885, None)
[2024-08-24T11:10:19.402+0000] {spark_submit.py:579} INFO - 24/08/24 11:10:19 INFO BlockManager: Initialized BlockManager: BlockManagerId(driver, 40c80272b42e, 44885, None)
[2024-08-24T11:10:19.419+0000] {spark_submit.py:579} INFO - 24/08/24 11:10:19 INFO StandaloneAppClient$ClientEndpoint: Executor updated: app-20240824111019-0001/0 is now RUNNING
[2024-08-24T11:10:19.612+0000] {spark_submit.py:579} INFO - 24/08/24 11:10:19 INFO StandaloneSchedulerBackend: SchedulerBackend is ready for scheduling beginning after reached minRegisteredResourcesRatio: 0.0
[2024-08-24T11:10:20.760+0000] {spark_submit.py:579} INFO - 24/08/24 11:10:20 INFO SharedState: Setting hive.metastore.warehouse.dir ('null') to the value of spark.sql.warehouse.dir.
[2024-08-24T11:10:20.770+0000] {spark_submit.py:579} INFO - 24/08/24 11:10:20 INFO SharedState: Warehouse path is 'file:/opt/***/spark-warehouse'.
[2024-08-24T11:10:21.510+0000] {spark_submit.py:579} INFO - 24/08/24 11:10:21 INFO StandaloneSchedulerBackend$StandaloneDriverEndpoint: Registered executor NettyRpcEndpointRef(spark-client://Executor) (172.19.0.2:51182) with ID 0,  ResourceProfileId 0
[2024-08-24T11:10:21.575+0000] {spark_submit.py:579} INFO - 24/08/24 11:10:21 INFO BlockManagerMasterEndpoint: Registering block manager 172.19.0.2:34385 with 434.4 MiB RAM, BlockManagerId(0, 172.19.0.2, 34385, None)
[2024-08-24T11:10:24.065+0000] {spark_submit.py:579} INFO - 24/08/24 11:10:24 INFO CodeGenerator: Code generated in 226.063182 ms
[2024-08-24T11:10:24.150+0000] {spark_submit.py:579} INFO - 24/08/24 11:10:24 INFO SparkContext: Starting job: json at NativeMethodAccessorImpl.java:0
[2024-08-24T11:10:24.168+0000] {spark_submit.py:579} INFO - 24/08/24 11:10:24 INFO DAGScheduler: Got job 0 (json at NativeMethodAccessorImpl.java:0) with 2 output partitions
[2024-08-24T11:10:24.169+0000] {spark_submit.py:579} INFO - 24/08/24 11:10:24 INFO DAGScheduler: Final stage: ResultStage 0 (json at NativeMethodAccessorImpl.java:0)
[2024-08-24T11:10:24.169+0000] {spark_submit.py:579} INFO - 24/08/24 11:10:24 INFO DAGScheduler: Parents of final stage: List()
[2024-08-24T11:10:24.171+0000] {spark_submit.py:579} INFO - 24/08/24 11:10:24 INFO DAGScheduler: Missing parents: List()
[2024-08-24T11:10:24.175+0000] {spark_submit.py:579} INFO - 24/08/24 11:10:24 INFO DAGScheduler: Submitting ResultStage 0 (MapPartitionsRDD[6] at json at NativeMethodAccessorImpl.java:0), which has no missing parents
[2024-08-24T11:10:24.277+0000] {spark_submit.py:579} INFO - 24/08/24 11:10:24 INFO MemoryStore: Block broadcast_0 stored as values in memory (estimated size 20.4 KiB, free 434.4 MiB)
[2024-08-24T11:10:24.311+0000] {spark_submit.py:579} INFO - 24/08/24 11:10:24 INFO MemoryStore: Block broadcast_0_piece0 stored as bytes in memory (estimated size 9.9 KiB, free 434.4 MiB)
[2024-08-24T11:10:24.313+0000] {spark_submit.py:579} INFO - 24/08/24 11:10:24 INFO BlockManagerInfo: Added broadcast_0_piece0 in memory on 40c80272b42e:44885 (size: 9.9 KiB, free: 434.4 MiB)
[2024-08-24T11:10:24.317+0000] {spark_submit.py:579} INFO - 24/08/24 11:10:24 INFO SparkContext: Created broadcast 0 from broadcast at DAGScheduler.scala:1585
[2024-08-24T11:10:24.331+0000] {spark_submit.py:579} INFO - 24/08/24 11:10:24 INFO DAGScheduler: Submitting 2 missing tasks from ResultStage 0 (MapPartitionsRDD[6] at json at NativeMethodAccessorImpl.java:0) (first 15 tasks are for partitions Vector(0, 1))
[2024-08-24T11:10:24.332+0000] {spark_submit.py:579} INFO - 24/08/24 11:10:24 INFO TaskSchedulerImpl: Adding task set 0.0 with 2 tasks resource profile 0
[2024-08-24T11:10:24.359+0000] {spark_submit.py:579} INFO - 24/08/24 11:10:24 INFO TaskSetManager: Starting task 0.0 in stage 0.0 (TID 0) (172.19.0.2, executor 0, partition 0, PROCESS_LOCAL, 8983 bytes)
[2024-08-24T11:10:24.581+0000] {spark_submit.py:579} INFO - 24/08/24 11:10:24 INFO BlockManagerInfo: Added broadcast_0_piece0 in memory on 172.19.0.2:34385 (size: 9.9 KiB, free: 434.4 MiB)
[2024-08-24T11:10:25.925+0000] {spark_submit.py:579} INFO - 24/08/24 11:10:25 INFO TaskSetManager: Starting task 1.0 in stage 0.0 (TID 1) (172.19.0.2, executor 0, partition 1, PROCESS_LOCAL, 119184 bytes)
[2024-08-24T11:10:25.953+0000] {spark_submit.py:579} INFO - 24/08/24 11:10:25 WARN TaskSetManager: Lost task 0.0 in stage 0.0 (TID 0) (172.19.0.2 executor 0): org.apache.spark.api.python.PythonException: Traceback (most recent call last):
[2024-08-24T11:10:25.954+0000] {spark_submit.py:579} INFO - File "/opt/bitnami/spark/python/lib/pyspark.zip/pyspark/worker.py", line 1100, in main
[2024-08-24T11:10:25.954+0000] {spark_submit.py:579} INFO - raise PySparkRuntimeError(
[2024-08-24T11:10:25.954+0000] {spark_submit.py:579} INFO - pyspark.errors.exceptions.base.PySparkRuntimeError: [PYTHON_VERSION_MISMATCH] Python in worker has different version (3, 12) than that in driver 3.8, PySpark cannot run with different minor versions.
[2024-08-24T11:10:25.954+0000] {spark_submit.py:579} INFO - Please check environment variables PYSPARK_PYTHON and PYSPARK_DRIVER_PYTHON are correctly set.
[2024-08-24T11:10:25.955+0000] {spark_submit.py:579} INFO - 
[2024-08-24T11:10:25.955+0000] {spark_submit.py:579} INFO - at org.apache.spark.api.python.BasePythonRunner$ReaderIterator.handlePythonException(PythonRunner.scala:572)
[2024-08-24T11:10:25.955+0000] {spark_submit.py:579} INFO - at org.apache.spark.api.python.PythonRunner$$anon$3.read(PythonRunner.scala:784)
[2024-08-24T11:10:25.955+0000] {spark_submit.py:579} INFO - at org.apache.spark.api.python.PythonRunner$$anon$3.read(PythonRunner.scala:766)
[2024-08-24T11:10:25.956+0000] {spark_submit.py:579} INFO - at org.apache.spark.api.python.BasePythonRunner$ReaderIterator.hasNext(PythonRunner.scala:525)
[2024-08-24T11:10:25.956+0000] {spark_submit.py:579} INFO - at org.apache.spark.InterruptibleIterator.hasNext(InterruptibleIterator.scala:37)
[2024-08-24T11:10:25.956+0000] {spark_submit.py:579} INFO - at scala.collection.Iterator$$anon$10.hasNext(Iterator.scala:460)
[2024-08-24T11:10:25.956+0000] {spark_submit.py:579} INFO - at scala.collection.Iterator$$anon$10.hasNext(Iterator.scala:460)
[2024-08-24T11:10:25.957+0000] {spark_submit.py:579} INFO - at org.apache.spark.sql.catalyst.expressions.GeneratedClass$GeneratedIteratorForCodegenStage1.processNext(Unknown Source)
[2024-08-24T11:10:25.957+0000] {spark_submit.py:579} INFO - at org.apache.spark.sql.execution.BufferedRowIterator.hasNext(BufferedRowIterator.java:43)
[2024-08-24T11:10:25.957+0000] {spark_submit.py:579} INFO - at org.apache.spark.sql.execution.WholeStageCodegenEvaluatorFactory$WholeStageCodegenPartitionEvaluator$$anon$1.hasNext(WholeStageCodegenEvaluatorFactory.scala:43)
[2024-08-24T11:10:25.957+0000] {spark_submit.py:579} INFO - at scala.collection.Iterator$$anon$11.hasNext(Iterator.scala:491)
[2024-08-24T11:10:25.958+0000] {spark_submit.py:579} INFO - at scala.collection.Iterator.isEmpty(Iterator.scala:387)
[2024-08-24T11:10:25.958+0000] {spark_submit.py:579} INFO - at scala.collection.Iterator.isEmpty$(Iterator.scala:387)
[2024-08-24T11:10:25.958+0000] {spark_submit.py:579} INFO - at scala.collection.AbstractIterator.isEmpty(Iterator.scala:1431)
[2024-08-24T11:10:25.958+0000] {spark_submit.py:579} INFO - at scala.collection.TraversableOnce.reduceLeftOption(TraversableOnce.scala:249)
[2024-08-24T11:10:25.958+0000] {spark_submit.py:579} INFO - at scala.collection.TraversableOnce.reduceLeftOption$(TraversableOnce.scala:248)
[2024-08-24T11:10:25.959+0000] {spark_submit.py:579} INFO - at scala.collection.AbstractIterator.reduceLeftOption(Iterator.scala:1431)
[2024-08-24T11:10:25.959+0000] {spark_submit.py:579} INFO - at scala.collection.TraversableOnce.reduceOption(TraversableOnce.scala:256)
[2024-08-24T11:10:25.959+0000] {spark_submit.py:579} INFO - at scala.collection.TraversableOnce.reduceOption$(TraversableOnce.scala:256)
[2024-08-24T11:10:25.959+0000] {spark_submit.py:579} INFO - at scala.collection.AbstractIterator.reduceOption(Iterator.scala:1431)
[2024-08-24T11:10:25.960+0000] {spark_submit.py:579} INFO - at org.apache.spark.sql.catalyst.json.JsonInferSchema.$anonfun$infer$1(JsonInferSchema.scala:107)
[2024-08-24T11:10:25.960+0000] {spark_submit.py:579} INFO - at org.apache.spark.rdd.RDD.$anonfun$mapPartitions$2(RDD.scala:858)
[2024-08-24T11:10:25.960+0000] {spark_submit.py:579} INFO - at org.apache.spark.rdd.RDD.$anonfun$mapPartitions$2$adapted(RDD.scala:858)
[2024-08-24T11:10:25.960+0000] {spark_submit.py:579} INFO - at org.apache.spark.rdd.MapPartitionsRDD.compute(MapPartitionsRDD.scala:52)
[2024-08-24T11:10:25.961+0000] {spark_submit.py:579} INFO - at org.apache.spark.rdd.RDD.computeOrReadCheckpoint(RDD.scala:367)
[2024-08-24T11:10:25.961+0000] {spark_submit.py:579} INFO - at org.apache.spark.rdd.RDD.iterator(RDD.scala:331)
[2024-08-24T11:10:25.961+0000] {spark_submit.py:579} INFO - at org.apache.spark.scheduler.ResultTask.runTask(ResultTask.scala:93)
[2024-08-24T11:10:25.961+0000] {spark_submit.py:579} INFO - at org.apache.spark.TaskContext.runTaskWithListeners(TaskContext.scala:166)
[2024-08-24T11:10:25.961+0000] {spark_submit.py:579} INFO - at org.apache.spark.scheduler.Task.run(Task.scala:141)
[2024-08-24T11:10:25.962+0000] {spark_submit.py:579} INFO - at org.apache.spark.executor.Executor$TaskRunner.$anonfun$run$4(Executor.scala:620)
[2024-08-24T11:10:25.962+0000] {spark_submit.py:579} INFO - at org.apache.spark.util.SparkErrorUtils.tryWithSafeFinally(SparkErrorUtils.scala:64)
[2024-08-24T11:10:25.962+0000] {spark_submit.py:579} INFO - at org.apache.spark.util.SparkErrorUtils.tryWithSafeFinally$(SparkErrorUtils.scala:61)
[2024-08-24T11:10:25.962+0000] {spark_submit.py:579} INFO - at org.apache.spark.util.Utils$.tryWithSafeFinally(Utils.scala:94)
[2024-08-24T11:10:25.962+0000] {spark_submit.py:579} INFO - at org.apache.spark.executor.Executor$TaskRunner.run(Executor.scala:623)
[2024-08-24T11:10:25.963+0000] {spark_submit.py:579} INFO - at java.base/java.util.concurrent.ThreadPoolExecutor.runWorker(ThreadPoolExecutor.java:1136)
[2024-08-24T11:10:25.963+0000] {spark_submit.py:579} INFO - at java.base/java.util.concurrent.ThreadPoolExecutor$Worker.run(ThreadPoolExecutor.java:635)
[2024-08-24T11:10:25.963+0000] {spark_submit.py:579} INFO - at java.base/java.lang.Thread.run(Thread.java:840)
[2024-08-24T11:10:25.963+0000] {spark_submit.py:579} INFO - 
[2024-08-24T11:10:25.966+0000] {spark_submit.py:579} INFO - 24/08/24 11:10:25 INFO TaskSetManager: Starting task 0.1 in stage 0.0 (TID 2) (172.19.0.2, executor 0, partition 0, PROCESS_LOCAL, 8983 bytes)
[2024-08-24T11:10:25.968+0000] {spark_submit.py:579} INFO - 24/08/24 11:10:25 INFO TaskSetManager: Lost task 1.0 in stage 0.0 (TID 1) on 172.19.0.2, executor 0: org.apache.spark.api.python.PythonException (Traceback (most recent call last):
[2024-08-24T11:10:25.968+0000] {spark_submit.py:579} INFO - File "/opt/bitnami/spark/python/lib/pyspark.zip/pyspark/worker.py", line 1100, in main
[2024-08-24T11:10:25.969+0000] {spark_submit.py:579} INFO - raise PySparkRuntimeError(
[2024-08-24T11:10:25.969+0000] {spark_submit.py:579} INFO - pyspark.errors.exceptions.base.PySparkRuntimeError: [PYTHON_VERSION_MISMATCH] Python in worker has different version (3, 12) than that in driver 3.8, PySpark cannot run with different minor versions.
[2024-08-24T11:10:25.970+0000] {spark_submit.py:579} INFO - Please check environment variables PYSPARK_PYTHON and PYSPARK_DRIVER_PYTHON are correctly set.
[2024-08-24T11:10:25.970+0000] {spark_submit.py:579} INFO - ) [duplicate 1]
[2024-08-24T11:10:25.996+0000] {spark_submit.py:579} INFO - 24/08/24 11:10:25 INFO TaskSetManager: Starting task 1.1 in stage 0.0 (TID 3) (172.19.0.2, executor 0, partition 1, PROCESS_LOCAL, 119184 bytes)
[2024-08-24T11:10:25.996+0000] {spark_submit.py:579} INFO - 24/08/24 11:10:25 INFO TaskSetManager: Lost task 0.1 in stage 0.0 (TID 2) on 172.19.0.2, executor 0: org.apache.spark.api.python.PythonException (Traceback (most recent call last):
[2024-08-24T11:10:25.997+0000] {spark_submit.py:579} INFO - File "/opt/bitnami/spark/python/lib/pyspark.zip/pyspark/worker.py", line 1100, in main
[2024-08-24T11:10:25.997+0000] {spark_submit.py:579} INFO - raise PySparkRuntimeError(
[2024-08-24T11:10:25.997+0000] {spark_submit.py:579} INFO - pyspark.errors.exceptions.base.PySparkRuntimeError: [PYTHON_VERSION_MISMATCH] Python in worker has different version (3, 12) than that in driver 3.8, PySpark cannot run with different minor versions.
[2024-08-24T11:10:25.997+0000] {spark_submit.py:579} INFO - Please check environment variables PYSPARK_PYTHON and PYSPARK_DRIVER_PYTHON are correctly set.
[2024-08-24T11:10:25.998+0000] {spark_submit.py:579} INFO - ) [duplicate 2]
[2024-08-24T11:10:26.023+0000] {spark_submit.py:579} INFO - 24/08/24 11:10:26 INFO TaskSetManager: Starting task 0.2 in stage 0.0 (TID 4) (172.19.0.2, executor 0, partition 0, PROCESS_LOCAL, 8983 bytes)
[2024-08-24T11:10:26.024+0000] {spark_submit.py:579} INFO - 24/08/24 11:10:26 INFO TaskSetManager: Lost task 1.1 in stage 0.0 (TID 3) on 172.19.0.2, executor 0: org.apache.spark.api.python.PythonException (Traceback (most recent call last):
[2024-08-24T11:10:26.025+0000] {spark_submit.py:579} INFO - File "/opt/bitnami/spark/python/lib/pyspark.zip/pyspark/worker.py", line 1100, in main
[2024-08-24T11:10:26.025+0000] {spark_submit.py:579} INFO - raise PySparkRuntimeError(
[2024-08-24T11:10:26.025+0000] {spark_submit.py:579} INFO - pyspark.errors.exceptions.base.PySparkRuntimeError: [PYTHON_VERSION_MISMATCH] Python in worker has different version (3, 12) than that in driver 3.8, PySpark cannot run with different minor versions.
[2024-08-24T11:10:26.026+0000] {spark_submit.py:579} INFO - Please check environment variables PYSPARK_PYTHON and PYSPARK_DRIVER_PYTHON are correctly set.
[2024-08-24T11:10:26.026+0000] {spark_submit.py:579} INFO - ) [duplicate 3]
[2024-08-24T11:10:26.047+0000] {spark_submit.py:579} INFO - 24/08/24 11:10:26 INFO TaskSetManager: Starting task 1.2 in stage 0.0 (TID 5) (172.19.0.2, executor 0, partition 1, PROCESS_LOCAL, 119184 bytes)
[2024-08-24T11:10:26.048+0000] {spark_submit.py:579} INFO - 24/08/24 11:10:26 INFO TaskSetManager: Lost task 0.2 in stage 0.0 (TID 4) on 172.19.0.2, executor 0: org.apache.spark.api.python.PythonException (Traceback (most recent call last):
[2024-08-24T11:10:26.049+0000] {spark_submit.py:579} INFO - File "/opt/bitnami/spark/python/lib/pyspark.zip/pyspark/worker.py", line 1100, in main
[2024-08-24T11:10:26.049+0000] {spark_submit.py:579} INFO - raise PySparkRuntimeError(
[2024-08-24T11:10:26.049+0000] {spark_submit.py:579} INFO - pyspark.errors.exceptions.base.PySparkRuntimeError: [PYTHON_VERSION_MISMATCH] Python in worker has different version (3, 12) than that in driver 3.8, PySpark cannot run with different minor versions.
[2024-08-24T11:10:26.049+0000] {spark_submit.py:579} INFO - Please check environment variables PYSPARK_PYTHON and PYSPARK_DRIVER_PYTHON are correctly set.
[2024-08-24T11:10:26.049+0000] {spark_submit.py:579} INFO - ) [duplicate 4]
[2024-08-24T11:10:26.073+0000] {spark_submit.py:579} INFO - 24/08/24 11:10:26 INFO TaskSetManager: Starting task 0.3 in stage 0.0 (TID 6) (172.19.0.2, executor 0, partition 0, PROCESS_LOCAL, 8983 bytes)
[2024-08-24T11:10:26.074+0000] {spark_submit.py:579} INFO - 24/08/24 11:10:26 INFO TaskSetManager: Lost task 1.2 in stage 0.0 (TID 5) on 172.19.0.2, executor 0: org.apache.spark.api.python.PythonException (Traceback (most recent call last):
[2024-08-24T11:10:26.074+0000] {spark_submit.py:579} INFO - File "/opt/bitnami/spark/python/lib/pyspark.zip/pyspark/worker.py", line 1100, in main
[2024-08-24T11:10:26.075+0000] {spark_submit.py:579} INFO - raise PySparkRuntimeError(
[2024-08-24T11:10:26.075+0000] {spark_submit.py:579} INFO - pyspark.errors.exceptions.base.PySparkRuntimeError: [PYTHON_VERSION_MISMATCH] Python in worker has different version (3, 12) than that in driver 3.8, PySpark cannot run with different minor versions.
[2024-08-24T11:10:26.075+0000] {spark_submit.py:579} INFO - Please check environment variables PYSPARK_PYTHON and PYSPARK_DRIVER_PYTHON are correctly set.
[2024-08-24T11:10:26.075+0000] {spark_submit.py:579} INFO - ) [duplicate 5]
[2024-08-24T11:10:26.100+0000] {spark_submit.py:579} INFO - 24/08/24 11:10:26 INFO TaskSetManager: Starting task 1.3 in stage 0.0 (TID 7) (172.19.0.2, executor 0, partition 1, PROCESS_LOCAL, 119184 bytes)
[2024-08-24T11:10:26.100+0000] {spark_submit.py:579} INFO - 24/08/24 11:10:26 INFO TaskSetManager: Lost task 0.3 in stage 0.0 (TID 6) on 172.19.0.2, executor 0: org.apache.spark.api.python.PythonException (Traceback (most recent call last):
[2024-08-24T11:10:26.101+0000] {spark_submit.py:579} INFO - File "/opt/bitnami/spark/python/lib/pyspark.zip/pyspark/worker.py", line 1100, in main
[2024-08-24T11:10:26.101+0000] {spark_submit.py:579} INFO - raise PySparkRuntimeError(
[2024-08-24T11:10:26.102+0000] {spark_submit.py:579} INFO - pyspark.errors.exceptions.base.PySparkRuntimeError: [PYTHON_VERSION_MISMATCH] Python in worker has different version (3, 12) than that in driver 3.8, PySpark cannot run with different minor versions.
[2024-08-24T11:10:26.102+0000] {spark_submit.py:579} INFO - Please check environment variables PYSPARK_PYTHON and PYSPARK_DRIVER_PYTHON are correctly set.
[2024-08-24T11:10:26.102+0000] {spark_submit.py:579} INFO - ) [duplicate 6]
[2024-08-24T11:10:26.102+0000] {spark_submit.py:579} INFO - 24/08/24 11:10:26 ERROR TaskSetManager: Task 0 in stage 0.0 failed 4 times; aborting job
[2024-08-24T11:10:26.106+0000] {spark_submit.py:579} INFO - 24/08/24 11:10:26 INFO TaskSchedulerImpl: Cancelling stage 0
[2024-08-24T11:10:26.107+0000] {spark_submit.py:579} INFO - 24/08/24 11:10:26 INFO TaskSchedulerImpl: Killing all running tasks in stage 0: Stage cancelled: Job aborted due to stage failure: Task 0 in stage 0.0 failed 4 times, most recent failure: Lost task 0.3 in stage 0.0 (TID 6) (172.19.0.2 executor 0): org.apache.spark.api.python.PythonException: Traceback (most recent call last):
[2024-08-24T11:10:26.108+0000] {spark_submit.py:579} INFO - File "/opt/bitnami/spark/python/lib/pyspark.zip/pyspark/worker.py", line 1100, in main
[2024-08-24T11:10:26.108+0000] {spark_submit.py:579} INFO - raise PySparkRuntimeError(
[2024-08-24T11:10:26.108+0000] {spark_submit.py:579} INFO - pyspark.errors.exceptions.base.PySparkRuntimeError: [PYTHON_VERSION_MISMATCH] Python in worker has different version (3, 12) than that in driver 3.8, PySpark cannot run with different minor versions.
[2024-08-24T11:10:26.108+0000] {spark_submit.py:579} INFO - Please check environment variables PYSPARK_PYTHON and PYSPARK_DRIVER_PYTHON are correctly set.
[2024-08-24T11:10:26.109+0000] {spark_submit.py:579} INFO - 
[2024-08-24T11:10:26.109+0000] {spark_submit.py:579} INFO - at org.apache.spark.api.python.BasePythonRunner$ReaderIterator.handlePythonException(PythonRunner.scala:572)
[2024-08-24T11:10:26.109+0000] {spark_submit.py:579} INFO - at org.apache.spark.api.python.PythonRunner$$anon$3.read(PythonRunner.scala:784)
[2024-08-24T11:10:26.109+0000] {spark_submit.py:579} INFO - at org.apache.spark.api.python.PythonRunner$$anon$3.read(PythonRunner.scala:766)
[2024-08-24T11:10:26.109+0000] {spark_submit.py:579} INFO - at org.apache.spark.api.python.BasePythonRunner$ReaderIterator.hasNext(PythonRunner.scala:525)
[2024-08-24T11:10:26.109+0000] {spark_submit.py:579} INFO - at org.apache.spark.InterruptibleIterator.hasNext(InterruptibleIterator.scala:37)
[2024-08-24T11:10:26.109+0000] {spark_submit.py:579} INFO - at scala.collection.Iterator$$anon$10.hasNext(Iterator.scala:460)
[2024-08-24T11:10:26.110+0000] {spark_submit.py:579} INFO - at scala.collection.Iterator$$anon$10.hasNext(Iterator.scala:460)
[2024-08-24T11:10:26.110+0000] {spark_submit.py:579} INFO - at org.apache.spark.sql.catalyst.expressions.GeneratedClass$GeneratedIteratorForCodegenStage1.processNext(Unknown Source)
[2024-08-24T11:10:26.110+0000] {spark_submit.py:579} INFO - at org.apache.spark.sql.execution.BufferedRowIterator.hasNext(BufferedRowIterator.java:43)
[2024-08-24T11:10:26.110+0000] {spark_submit.py:579} INFO - at org.apache.spark.sql.execution.WholeStageCodegenEvaluatorFactory$WholeStageCodegenPartitionEvaluator$$anon$1.hasNext(WholeStageCodegenEvaluatorFactory.scala:43)
[2024-08-24T11:10:26.110+0000] {spark_submit.py:579} INFO - at scala.collection.Iterator$$anon$11.hasNext(Iterator.scala:491)
[2024-08-24T11:10:26.110+0000] {spark_submit.py:579} INFO - at scala.collection.Iterator.isEmpty(Iterator.scala:387)
[2024-08-24T11:10:26.111+0000] {spark_submit.py:579} INFO - at scala.collection.Iterator.isEmpty$(Iterator.scala:387)
[2024-08-24T11:10:26.111+0000] {spark_submit.py:579} INFO - at scala.collection.AbstractIterator.isEmpty(Iterator.scala:1431)
[2024-08-24T11:10:26.111+0000] {spark_submit.py:579} INFO - at scala.collection.TraversableOnce.reduceLeftOption(TraversableOnce.scala:249)
[2024-08-24T11:10:26.111+0000] {spark_submit.py:579} INFO - at scala.collection.TraversableOnce.reduceLeftOption$(TraversableOnce.scala:248)
[2024-08-24T11:10:26.111+0000] {spark_submit.py:579} INFO - at scala.collection.AbstractIterator.reduceLeftOption(Iterator.scala:1431)
[2024-08-24T11:10:26.112+0000] {spark_submit.py:579} INFO - at scala.collection.TraversableOnce.reduceOption(TraversableOnce.scala:256)
[2024-08-24T11:10:26.112+0000] {spark_submit.py:579} INFO - at scala.collection.TraversableOnce.reduceOption$(TraversableOnce.scala:256)
[2024-08-24T11:10:26.112+0000] {spark_submit.py:579} INFO - at scala.collection.AbstractIterator.reduceOption(Iterator.scala:1431)
[2024-08-24T11:10:26.112+0000] {spark_submit.py:579} INFO - at org.apache.spark.sql.catalyst.json.JsonInferSchema.$anonfun$infer$1(JsonInferSchema.scala:107)
[2024-08-24T11:10:26.113+0000] {spark_submit.py:579} INFO - at org.apache.spark.rdd.RDD.$anonfun$mapPartitions$2(RDD.scala:858)
[2024-08-24T11:10:26.113+0000] {spark_submit.py:579} INFO - at org.apache.spark.rdd.RDD.$anonfun$mapPartitions$2$adapted(RDD.scala:858)
[2024-08-24T11:10:26.113+0000] {spark_submit.py:579} INFO - at org.apache.spark.rdd.MapPartitionsRDD.compute(MapPartitionsRDD.scala:52)
[2024-08-24T11:10:26.113+0000] {spark_submit.py:579} INFO - at org.apache.spark.rdd.RDD.computeOrReadCheckpoint(RDD.scala:367)
[2024-08-24T11:10:26.113+0000] {spark_submit.py:579} INFO - at org.apache.spark.rdd.RDD.iterator(RDD.scala:331)
[2024-08-24T11:10:26.114+0000] {spark_submit.py:579} INFO - at org.apache.spark.scheduler.ResultTask.runTask(ResultTask.scala:93)
[2024-08-24T11:10:26.114+0000] {spark_submit.py:579} INFO - at org.apache.spark.TaskContext.runTaskWithListeners(TaskContext.scala:166)
[2024-08-24T11:10:26.114+0000] {spark_submit.py:579} INFO - at org.apache.spark.scheduler.Task.run(Task.scala:141)
[2024-08-24T11:10:26.114+0000] {spark_submit.py:579} INFO - at org.apache.spark.executor.Executor$TaskRunner.$anonfun$run$4(Executor.scala:620)
[2024-08-24T11:10:26.115+0000] {spark_submit.py:579} INFO - at org.apache.spark.util.SparkErrorUtils.tryWithSafeFinally(SparkErrorUtils.scala:64)
[2024-08-24T11:10:26.115+0000] {spark_submit.py:579} INFO - at org.apache.spark.util.SparkErrorUtils.tryWithSafeFinally$(SparkErrorUtils.scala:61)
[2024-08-24T11:10:26.116+0000] {spark_submit.py:579} INFO - at org.apache.spark.util.Utils$.tryWithSafeFinally(Utils.scala:94)
[2024-08-24T11:10:26.116+0000] {spark_submit.py:579} INFO - at org.apache.spark.executor.Executor$TaskRunner.run(Executor.scala:623)
[2024-08-24T11:10:26.117+0000] {spark_submit.py:579} INFO - at java.base/java.util.concurrent.ThreadPoolExecutor.runWorker(ThreadPoolExecutor.java:1136)
[2024-08-24T11:10:26.117+0000] {spark_submit.py:579} INFO - at java.base/java.util.concurrent.ThreadPoolExecutor$Worker.run(ThreadPoolExecutor.java:635)
[2024-08-24T11:10:26.117+0000] {spark_submit.py:579} INFO - at java.base/java.lang.Thread.run(Thread.java:840)
[2024-08-24T11:10:26.117+0000] {spark_submit.py:579} INFO - 
[2024-08-24T11:10:26.118+0000] {spark_submit.py:579} INFO - Driver stacktrace:
[2024-08-24T11:10:26.118+0000] {spark_submit.py:579} INFO - 24/08/24 11:10:26 INFO TaskSchedulerImpl: Stage 0 was cancelled
[2024-08-24T11:10:26.118+0000] {spark_submit.py:579} INFO - 24/08/24 11:10:26 INFO DAGScheduler: ResultStage 0 (json at NativeMethodAccessorImpl.java:0) failed in 1.926 s due to Job aborted due to stage failure: Task 0 in stage 0.0 failed 4 times, most recent failure: Lost task 0.3 in stage 0.0 (TID 6) (172.19.0.2 executor 0): org.apache.spark.api.python.PythonException: Traceback (most recent call last):
[2024-08-24T11:10:26.118+0000] {spark_submit.py:579} INFO - File "/opt/bitnami/spark/python/lib/pyspark.zip/pyspark/worker.py", line 1100, in main
[2024-08-24T11:10:26.119+0000] {spark_submit.py:579} INFO - raise PySparkRuntimeError(
[2024-08-24T11:10:26.119+0000] {spark_submit.py:579} INFO - pyspark.errors.exceptions.base.PySparkRuntimeError: [PYTHON_VERSION_MISMATCH] Python in worker has different version (3, 12) than that in driver 3.8, PySpark cannot run with different minor versions.
[2024-08-24T11:10:26.119+0000] {spark_submit.py:579} INFO - Please check environment variables PYSPARK_PYTHON and PYSPARK_DRIVER_PYTHON are correctly set.
[2024-08-24T11:10:26.119+0000] {spark_submit.py:579} INFO - 
[2024-08-24T11:10:26.120+0000] {spark_submit.py:579} INFO - at org.apache.spark.api.python.BasePythonRunner$ReaderIterator.handlePythonException(PythonRunner.scala:572)
[2024-08-24T11:10:26.120+0000] {spark_submit.py:579} INFO - at org.apache.spark.api.python.PythonRunner$$anon$3.read(PythonRunner.scala:784)
[2024-08-24T11:10:26.120+0000] {spark_submit.py:579} INFO - at org.apache.spark.api.python.PythonRunner$$anon$3.read(PythonRunner.scala:766)
[2024-08-24T11:10:26.120+0000] {spark_submit.py:579} INFO - at org.apache.spark.api.python.BasePythonRunner$ReaderIterator.hasNext(PythonRunner.scala:525)
[2024-08-24T11:10:26.120+0000] {spark_submit.py:579} INFO - at org.apache.spark.InterruptibleIterator.hasNext(InterruptibleIterator.scala:37)
[2024-08-24T11:10:26.121+0000] {spark_submit.py:579} INFO - at scala.collection.Iterator$$anon$10.hasNext(Iterator.scala:460)
[2024-08-24T11:10:26.121+0000] {spark_submit.py:579} INFO - at scala.collection.Iterator$$anon$10.hasNext(Iterator.scala:460)
[2024-08-24T11:10:26.121+0000] {spark_submit.py:579} INFO - at org.apache.spark.sql.catalyst.expressions.GeneratedClass$GeneratedIteratorForCodegenStage1.processNext(Unknown Source)
[2024-08-24T11:10:26.121+0000] {spark_submit.py:579} INFO - at org.apache.spark.sql.execution.BufferedRowIterator.hasNext(BufferedRowIterator.java:43)
[2024-08-24T11:10:26.121+0000] {spark_submit.py:579} INFO - at org.apache.spark.sql.execution.WholeStageCodegenEvaluatorFactory$WholeStageCodegenPartitionEvaluator$$anon$1.hasNext(WholeStageCodegenEvaluatorFactory.scala:43)
[2024-08-24T11:10:26.122+0000] {spark_submit.py:579} INFO - at scala.collection.Iterator$$anon$11.hasNext(Iterator.scala:491)
[2024-08-24T11:10:26.122+0000] {spark_submit.py:579} INFO - at scala.collection.Iterator.isEmpty(Iterator.scala:387)
[2024-08-24T11:10:26.122+0000] {spark_submit.py:579} INFO - at scala.collection.Iterator.isEmpty$(Iterator.scala:387)
[2024-08-24T11:10:26.122+0000] {spark_submit.py:579} INFO - at scala.collection.AbstractIterator.isEmpty(Iterator.scala:1431)
[2024-08-24T11:10:26.123+0000] {spark_submit.py:579} INFO - at scala.collection.TraversableOnce.reduceLeftOption(TraversableOnce.scala:249)
[2024-08-24T11:10:26.123+0000] {spark_submit.py:579} INFO - at scala.collection.TraversableOnce.reduceLeftOption$(TraversableOnce.scala:248)
[2024-08-24T11:10:26.123+0000] {spark_submit.py:579} INFO - at scala.collection.AbstractIterator.reduceLeftOption(Iterator.scala:1431)
[2024-08-24T11:10:26.123+0000] {spark_submit.py:579} INFO - at scala.collection.TraversableOnce.reduceOption(TraversableOnce.scala:256)
[2024-08-24T11:10:26.123+0000] {spark_submit.py:579} INFO - at scala.collection.TraversableOnce.reduceOption$(TraversableOnce.scala:256)
[2024-08-24T11:10:26.124+0000] {spark_submit.py:579} INFO - at scala.collection.AbstractIterator.reduceOption(Iterator.scala:1431)
[2024-08-24T11:10:26.124+0000] {spark_submit.py:579} INFO - at org.apache.spark.sql.catalyst.json.JsonInferSchema.$anonfun$infer$1(JsonInferSchema.scala:107)
[2024-08-24T11:10:26.124+0000] {spark_submit.py:579} INFO - at org.apache.spark.rdd.RDD.$anonfun$mapPartitions$2(RDD.scala:858)
[2024-08-24T11:10:26.124+0000] {spark_submit.py:579} INFO - at org.apache.spark.rdd.RDD.$anonfun$mapPartitions$2$adapted(RDD.scala:858)
[2024-08-24T11:10:26.125+0000] {spark_submit.py:579} INFO - at org.apache.spark.rdd.MapPartitionsRDD.compute(MapPartitionsRDD.scala:52)
[2024-08-24T11:10:26.125+0000] {spark_submit.py:579} INFO - at org.apache.spark.rdd.RDD.computeOrReadCheckpoint(RDD.scala:367)
[2024-08-24T11:10:26.125+0000] {spark_submit.py:579} INFO - at org.apache.spark.rdd.RDD.iterator(RDD.scala:331)
[2024-08-24T11:10:26.125+0000] {spark_submit.py:579} INFO - at org.apache.spark.scheduler.ResultTask.runTask(ResultTask.scala:93)
[2024-08-24T11:10:26.125+0000] {spark_submit.py:579} INFO - at org.apache.spark.TaskContext.runTaskWithListeners(TaskContext.scala:166)
[2024-08-24T11:10:26.126+0000] {spark_submit.py:579} INFO - at org.apache.spark.scheduler.Task.run(Task.scala:141)
[2024-08-24T11:10:26.126+0000] {spark_submit.py:579} INFO - at org.apache.spark.executor.Executor$TaskRunner.$anonfun$run$4(Executor.scala:620)
[2024-08-24T11:10:26.126+0000] {spark_submit.py:579} INFO - at org.apache.spark.util.SparkErrorUtils.tryWithSafeFinally(SparkErrorUtils.scala:64)
[2024-08-24T11:10:26.127+0000] {spark_submit.py:579} INFO - at org.apache.spark.util.SparkErrorUtils.tryWithSafeFinally$(SparkErrorUtils.scala:61)
[2024-08-24T11:10:26.127+0000] {spark_submit.py:579} INFO - at org.apache.spark.util.Utils$.tryWithSafeFinally(Utils.scala:94)
[2024-08-24T11:10:26.128+0000] {spark_submit.py:579} INFO - at org.apache.spark.executor.Executor$TaskRunner.run(Executor.scala:623)
[2024-08-24T11:10:26.128+0000] {spark_submit.py:579} INFO - at java.base/java.util.concurrent.ThreadPoolExecutor.runWorker(ThreadPoolExecutor.java:1136)
[2024-08-24T11:10:26.128+0000] {spark_submit.py:579} INFO - at java.base/java.util.concurrent.ThreadPoolExecutor$Worker.run(ThreadPoolExecutor.java:635)
[2024-08-24T11:10:26.129+0000] {spark_submit.py:579} INFO - at java.base/java.lang.Thread.run(Thread.java:840)
[2024-08-24T11:10:26.129+0000] {spark_submit.py:579} INFO - 
[2024-08-24T11:10:26.129+0000] {spark_submit.py:579} INFO - Driver stacktrace:
[2024-08-24T11:10:26.130+0000] {spark_submit.py:579} INFO - 24/08/24 11:10:26 INFO DAGScheduler: Job 0 failed: json at NativeMethodAccessorImpl.java:0, took 1.968649 s
[2024-08-24T11:10:26.139+0000] {spark_submit.py:579} INFO - 24/08/24 11:10:26 WARN TaskSetManager: Lost task 1.3 in stage 0.0 (TID 7) (172.19.0.2 executor 0): TaskKilled (Stage cancelled: Job aborted due to stage failure: Task 0 in stage 0.0 failed 4 times, most recent failure: Lost task 0.3 in stage 0.0 (TID 6) (172.19.0.2 executor 0): org.apache.spark.api.python.PythonException: Traceback (most recent call last):
[2024-08-24T11:10:26.139+0000] {spark_submit.py:579} INFO - File "/opt/bitnami/spark/python/lib/pyspark.zip/pyspark/worker.py", line 1100, in main
[2024-08-24T11:10:26.140+0000] {spark_submit.py:579} INFO - raise PySparkRuntimeError(
[2024-08-24T11:10:26.140+0000] {spark_submit.py:579} INFO - pyspark.errors.exceptions.base.PySparkRuntimeError: [PYTHON_VERSION_MISMATCH] Python in worker has different version (3, 12) than that in driver 3.8, PySpark cannot run with different minor versions.
[2024-08-24T11:10:26.140+0000] {spark_submit.py:579} INFO - Please check environment variables PYSPARK_PYTHON and PYSPARK_DRIVER_PYTHON are correctly set.
[2024-08-24T11:10:26.140+0000] {spark_submit.py:579} INFO - 
[2024-08-24T11:10:26.141+0000] {spark_submit.py:579} INFO - at org.apache.spark.api.python.BasePythonRunner$ReaderIterator.handlePythonException(PythonRunner.scala:572)
[2024-08-24T11:10:26.141+0000] {spark_submit.py:579} INFO - at org.apache.spark.api.python.PythonRunner$$anon$3.read(PythonRunner.scala:784)
[2024-08-24T11:10:26.141+0000] {spark_submit.py:579} INFO - at org.apache.spark.api.python.PythonRunner$$anon$3.read(PythonRunner.scala:766)
[2024-08-24T11:10:26.141+0000] {spark_submit.py:579} INFO - at org.apache.spark.api.python.BasePythonRunner$ReaderIterator.hasNext(PythonRunner.scala:525)
[2024-08-24T11:10:26.141+0000] {spark_submit.py:579} INFO - at org.apache.spark.InterruptibleIterator.hasNext(InterruptibleIterator.scala:37)
[2024-08-24T11:10:26.141+0000] {spark_submit.py:579} INFO - at scala.collection.Iterator$$anon$10.hasNext(Iterator.scala:460)
[2024-08-24T11:10:26.141+0000] {spark_submit.py:579} INFO - at scala.collection.Iterator$$anon$10.hasNext(Iterator.scala:460)
[2024-08-24T11:10:26.141+0000] {spark_submit.py:579} INFO - at org.apache.spark.sql.catalyst.expressions.GeneratedClass$GeneratedIteratorForCodegenStage1.processNext(Unknown Source)
[2024-08-24T11:10:26.142+0000] {spark_submit.py:579} INFO - at org.apache.spark.sql.execution.BufferedRowIterator.hasNext(BufferedRowIterator.java:43)
[2024-08-24T11:10:26.142+0000] {spark_submit.py:579} INFO - at org.apache.spark.sql.execution.WholeStageCodegenEvaluatorFactory$WholeStageCodegenPartitionEvaluator$$anon$1.hasNext(WholeStageCodegenEvaluatorFactory.scala:43)
[2024-08-24T11:10:26.142+0000] {spark_submit.py:579} INFO - at scala.collection.Iterator$$anon$11.hasNext(Iterator.scala:491)
[2024-08-24T11:10:26.142+0000] {spark_submit.py:579} INFO - at scala.collection.Iterator.isEmpty(Iterator.scala:387)
[2024-08-24T11:10:26.142+0000] {spark_submit.py:579} INFO - at scala.collection.Iterator.isEmpty$(Iterator.scala:387)
[2024-08-24T11:10:26.143+0000] {spark_submit.py:579} INFO - at scala.collection.AbstractIterator.isEmpty(Iterator.scala:1431)
[2024-08-24T11:10:26.143+0000] {spark_submit.py:579} INFO - at scala.collection.TraversableOnce.reduceLeftOption(TraversableOnce.scala:249)
[2024-08-24T11:10:26.143+0000] {spark_submit.py:579} INFO - at scala.collection.TraversableOnce.reduceLeftOption$(TraversableOnce.scala:248)
[2024-08-24T11:10:26.143+0000] {spark_submit.py:579} INFO - at scala.collection.AbstractIterator.reduceLeftOption(Iterator.scala:1431)
[2024-08-24T11:10:26.143+0000] {spark_submit.py:579} INFO - at scala.collection.TraversableOnce.reduceOption(TraversableOnce.scala:256)
[2024-08-24T11:10:26.144+0000] {spark_submit.py:579} INFO - at scala.collection.TraversableOnce.reduceOption$(TraversableOnce.scala:256)
[2024-08-24T11:10:26.144+0000] {spark_submit.py:579} INFO - at scala.collection.AbstractIterator.reduceOption(Iterator.scala:1431)
[2024-08-24T11:10:26.144+0000] {spark_submit.py:579} INFO - at org.apache.spark.sql.catalyst.json.JsonInferSchema.$anonfun$infer$1(JsonInferSchema.scala:107)
[2024-08-24T11:10:26.144+0000] {spark_submit.py:579} INFO - at org.apache.spark.rdd.RDD.$anonfun$mapPartitions$2(RDD.scala:858)
[2024-08-24T11:10:26.144+0000] {spark_submit.py:579} INFO - at org.apache.spark.rdd.RDD.$anonfun$mapPartitions$2$adapted(RDD.scala:858)
[2024-08-24T11:10:26.144+0000] {spark_submit.py:579} INFO - at org.apache.spark.rdd.MapPartitionsRDD.compute(MapPartitionsRDD.scala:52)
[2024-08-24T11:10:26.145+0000] {spark_submit.py:579} INFO - at org.apache.spark.rdd.RDD.computeOrReadCheckpoint(RDD.scala:367)
[2024-08-24T11:10:26.145+0000] {spark_submit.py:579} INFO - at org.apache.spark.rdd.RDD.iterator(RDD.scala:331)
[2024-08-24T11:10:26.145+0000] {spark_submit.py:579} INFO - at org.apache.spark.scheduler.ResultTask.runTask(ResultTask.scala:93)
[2024-08-24T11:10:26.145+0000] {spark_submit.py:579} INFO - at org.apache.spark.TaskContext.runTaskWithListeners(TaskContext.scala:166)
[2024-08-24T11:10:26.146+0000] {spark_submit.py:579} INFO - at org.apache.spark.scheduler.Task.run(Task.scala:141)
[2024-08-24T11:10:26.146+0000] {spark_submit.py:579} INFO - at org.apache.spark.executor.Executor$TaskRunner.$anonfun$run$4(Executor.scala:620)
[2024-08-24T11:10:26.146+0000] {spark_submit.py:579} INFO - at org.apache.spark.util.SparkErrorUtils.tryWithSafeFinally(SparkErrorUtils.scala:64)
[2024-08-24T11:10:26.146+0000] {spark_submit.py:579} INFO - at org.apache.spark.util.SparkErrorUtils.tryWithSafeFinally$(SparkErrorUtils.scala:61)
[2024-08-24T11:10:26.146+0000] {spark_submit.py:579} INFO - at org.apache.spark.util.Utils$.tryWithSafeFinally(Utils.scala:94)
[2024-08-24T11:10:26.146+0000] {spark_submit.py:579} INFO - at org.apache.spark.executor.Executor$TaskRunner.run(Executor.scala:623)
[2024-08-24T11:10:26.146+0000] {spark_submit.py:579} INFO - at java.base/java.util.concurrent.ThreadPoolExecutor.runWorker(ThreadPoolExecutor.java:1136)
[2024-08-24T11:10:26.146+0000] {spark_submit.py:579} INFO - at java.base/java.util.concurrent.ThreadPoolExecutor$Worker.run(ThreadPoolExecutor.java:635)
[2024-08-24T11:10:26.147+0000] {spark_submit.py:579} INFO - at java.base/java.lang.Thread.run(Thread.java:840)
[2024-08-24T11:10:26.147+0000] {spark_submit.py:579} INFO - 
[2024-08-24T11:10:26.147+0000] {spark_submit.py:579} INFO - Driver stacktrace:)
[2024-08-24T11:10:26.147+0000] {spark_submit.py:579} INFO - 24/08/24 11:10:26 INFO TaskSchedulerImpl: Removed TaskSet 0.0, whose tasks have all completed, from pool
[2024-08-24T11:10:26.281+0000] {spark_submit.py:579} INFO - Traceback (most recent call last):
[2024-08-24T11:10:26.281+0000] {spark_submit.py:579} INFO - File "/opt/***/dags/spark_etl_script_docker.py", line 26, in <module>
[2024-08-24T11:10:26.282+0000] {spark_submit.py:579} INFO - raw_json_dataframe = spark.read.json(RDD)
[2024-08-24T11:10:26.282+0000] {spark_submit.py:579} INFO - File "/home/***/.local/lib/python3.8/site-packages/pyspark/python/lib/pyspark.zip/pyspark/sql/readwriter.py", line 440, in json
[2024-08-24T11:10:26.282+0000] {spark_submit.py:579} INFO - File "/home/***/.local/lib/python3.8/site-packages/pyspark/python/lib/py4j-0.10.9.7-src.zip/py4j/java_gateway.py", line 1322, in __call__
[2024-08-24T11:10:26.282+0000] {spark_submit.py:579} INFO - File "/home/***/.local/lib/python3.8/site-packages/pyspark/python/lib/pyspark.zip/pyspark/errors/exceptions/captured.py", line 179, in deco
[2024-08-24T11:10:26.283+0000] {spark_submit.py:579} INFO - File "/home/***/.local/lib/python3.8/site-packages/pyspark/python/lib/py4j-0.10.9.7-src.zip/py4j/protocol.py", line 326, in get_return_value
[2024-08-24T11:10:26.329+0000] {spark_submit.py:579} INFO - py4j.protocol.Py4JJavaError: An error occurred while calling o26.json.
[2024-08-24T11:10:26.330+0000] {spark_submit.py:579} INFO - : org.apache.spark.SparkException: Job aborted due to stage failure: Task 0 in stage 0.0 failed 4 times, most recent failure: Lost task 0.3 in stage 0.0 (TID 6) (172.19.0.2 executor 0): org.apache.spark.api.python.PythonException: Traceback (most recent call last):
[2024-08-24T11:10:26.330+0000] {spark_submit.py:579} INFO - File "/opt/bitnami/spark/python/lib/pyspark.zip/pyspark/worker.py", line 1100, in main
[2024-08-24T11:10:26.330+0000] {spark_submit.py:579} INFO - raise PySparkRuntimeError(
[2024-08-24T11:10:26.330+0000] {spark_submit.py:579} INFO - pyspark.errors.exceptions.base.PySparkRuntimeError: [PYTHON_VERSION_MISMATCH] Python in worker has different version (3, 12) than that in driver 3.8, PySpark cannot run with different minor versions.
[2024-08-24T11:10:26.331+0000] {spark_submit.py:579} INFO - Please check environment variables PYSPARK_PYTHON and PYSPARK_DRIVER_PYTHON are correctly set.
[2024-08-24T11:10:26.331+0000] {spark_submit.py:579} INFO - 
[2024-08-24T11:10:26.331+0000] {spark_submit.py:579} INFO - at org.apache.spark.api.python.BasePythonRunner$ReaderIterator.handlePythonException(PythonRunner.scala:572)
[2024-08-24T11:10:26.331+0000] {spark_submit.py:579} INFO - at org.apache.spark.api.python.PythonRunner$$anon$3.read(PythonRunner.scala:784)
[2024-08-24T11:10:26.331+0000] {spark_submit.py:579} INFO - at org.apache.spark.api.python.PythonRunner$$anon$3.read(PythonRunner.scala:766)
[2024-08-24T11:10:26.332+0000] {spark_submit.py:579} INFO - at org.apache.spark.api.python.BasePythonRunner$ReaderIterator.hasNext(PythonRunner.scala:525)
[2024-08-24T11:10:26.332+0000] {spark_submit.py:579} INFO - at org.apache.spark.InterruptibleIterator.hasNext(InterruptibleIterator.scala:37)
[2024-08-24T11:10:26.332+0000] {spark_submit.py:579} INFO - at scala.collection.Iterator$$anon$10.hasNext(Iterator.scala:460)
[2024-08-24T11:10:26.332+0000] {spark_submit.py:579} INFO - at scala.collection.Iterator$$anon$10.hasNext(Iterator.scala:460)
[2024-08-24T11:10:26.332+0000] {spark_submit.py:579} INFO - at org.apache.spark.sql.catalyst.expressions.GeneratedClass$GeneratedIteratorForCodegenStage1.processNext(Unknown Source)
[2024-08-24T11:10:26.333+0000] {spark_submit.py:579} INFO - at org.apache.spark.sql.execution.BufferedRowIterator.hasNext(BufferedRowIterator.java:43)
[2024-08-24T11:10:26.333+0000] {spark_submit.py:579} INFO - at org.apache.spark.sql.execution.WholeStageCodegenEvaluatorFactory$WholeStageCodegenPartitionEvaluator$$anon$1.hasNext(WholeStageCodegenEvaluatorFactory.scala:43)
[2024-08-24T11:10:26.333+0000] {spark_submit.py:579} INFO - at scala.collection.Iterator$$anon$11.hasNext(Iterator.scala:491)
[2024-08-24T11:10:26.333+0000] {spark_submit.py:579} INFO - at scala.collection.Iterator.isEmpty(Iterator.scala:387)
[2024-08-24T11:10:26.333+0000] {spark_submit.py:579} INFO - at scala.collection.Iterator.isEmpty$(Iterator.scala:387)
[2024-08-24T11:10:26.333+0000] {spark_submit.py:579} INFO - at scala.collection.AbstractIterator.isEmpty(Iterator.scala:1431)
[2024-08-24T11:10:26.334+0000] {spark_submit.py:579} INFO - at scala.collection.TraversableOnce.reduceLeftOption(TraversableOnce.scala:249)
[2024-08-24T11:10:26.334+0000] {spark_submit.py:579} INFO - at scala.collection.TraversableOnce.reduceLeftOption$(TraversableOnce.scala:248)
[2024-08-24T11:10:26.334+0000] {spark_submit.py:579} INFO - at scala.collection.AbstractIterator.reduceLeftOption(Iterator.scala:1431)
[2024-08-24T11:10:26.334+0000] {spark_submit.py:579} INFO - at scala.collection.TraversableOnce.reduceOption(TraversableOnce.scala:256)
[2024-08-24T11:10:26.334+0000] {spark_submit.py:579} INFO - at scala.collection.TraversableOnce.reduceOption$(TraversableOnce.scala:256)
[2024-08-24T11:10:26.335+0000] {spark_submit.py:579} INFO - at scala.collection.AbstractIterator.reduceOption(Iterator.scala:1431)
[2024-08-24T11:10:26.335+0000] {spark_submit.py:579} INFO - at org.apache.spark.sql.catalyst.json.JsonInferSchema.$anonfun$infer$1(JsonInferSchema.scala:107)
[2024-08-24T11:10:26.335+0000] {spark_submit.py:579} INFO - at org.apache.spark.rdd.RDD.$anonfun$mapPartitions$2(RDD.scala:858)
[2024-08-24T11:10:26.335+0000] {spark_submit.py:579} INFO - at org.apache.spark.rdd.RDD.$anonfun$mapPartitions$2$adapted(RDD.scala:858)
[2024-08-24T11:10:26.335+0000] {spark_submit.py:579} INFO - at org.apache.spark.rdd.MapPartitionsRDD.compute(MapPartitionsRDD.scala:52)
[2024-08-24T11:10:26.336+0000] {spark_submit.py:579} INFO - at org.apache.spark.rdd.RDD.computeOrReadCheckpoint(RDD.scala:367)
[2024-08-24T11:10:26.336+0000] {spark_submit.py:579} INFO - at org.apache.spark.rdd.RDD.iterator(RDD.scala:331)
[2024-08-24T11:10:26.336+0000] {spark_submit.py:579} INFO - at org.apache.spark.scheduler.ResultTask.runTask(ResultTask.scala:93)
[2024-08-24T11:10:26.336+0000] {spark_submit.py:579} INFO - at org.apache.spark.TaskContext.runTaskWithListeners(TaskContext.scala:166)
[2024-08-24T11:10:26.337+0000] {spark_submit.py:579} INFO - at org.apache.spark.scheduler.Task.run(Task.scala:141)
[2024-08-24T11:10:26.337+0000] {spark_submit.py:579} INFO - at org.apache.spark.executor.Executor$TaskRunner.$anonfun$run$4(Executor.scala:620)
[2024-08-24T11:10:26.337+0000] {spark_submit.py:579} INFO - at org.apache.spark.util.SparkErrorUtils.tryWithSafeFinally(SparkErrorUtils.scala:64)
[2024-08-24T11:10:26.337+0000] {spark_submit.py:579} INFO - at org.apache.spark.util.SparkErrorUtils.tryWithSafeFinally$(SparkErrorUtils.scala:61)
[2024-08-24T11:10:26.337+0000] {spark_submit.py:579} INFO - at org.apache.spark.util.Utils$.tryWithSafeFinally(Utils.scala:94)
[2024-08-24T11:10:26.337+0000] {spark_submit.py:579} INFO - at org.apache.spark.executor.Executor$TaskRunner.run(Executor.scala:623)
[2024-08-24T11:10:26.337+0000] {spark_submit.py:579} INFO - at java.base/java.util.concurrent.ThreadPoolExecutor.runWorker(ThreadPoolExecutor.java:1136)
[2024-08-24T11:10:26.338+0000] {spark_submit.py:579} INFO - at java.base/java.util.concurrent.ThreadPoolExecutor$Worker.run(ThreadPoolExecutor.java:635)
[2024-08-24T11:10:26.338+0000] {spark_submit.py:579} INFO - at java.base/java.lang.Thread.run(Thread.java:840)
[2024-08-24T11:10:26.338+0000] {spark_submit.py:579} INFO - 
[2024-08-24T11:10:26.338+0000] {spark_submit.py:579} INFO - Driver stacktrace:
[2024-08-24T11:10:26.338+0000] {spark_submit.py:579} INFO - at org.apache.spark.scheduler.DAGScheduler.failJobAndIndependentStages(DAGScheduler.scala:2856)
[2024-08-24T11:10:26.339+0000] {spark_submit.py:579} INFO - at org.apache.spark.scheduler.DAGScheduler.$anonfun$abortStage$2(DAGScheduler.scala:2792)
[2024-08-24T11:10:26.339+0000] {spark_submit.py:579} INFO - at org.apache.spark.scheduler.DAGScheduler.$anonfun$abortStage$2$adapted(DAGScheduler.scala:2791)
[2024-08-24T11:10:26.339+0000] {spark_submit.py:579} INFO - at scala.collection.mutable.ResizableArray.foreach(ResizableArray.scala:62)
[2024-08-24T11:10:26.339+0000] {spark_submit.py:579} INFO - at scala.collection.mutable.ResizableArray.foreach$(ResizableArray.scala:55)
[2024-08-24T11:10:26.339+0000] {spark_submit.py:579} INFO - at scala.collection.mutable.ArrayBuffer.foreach(ArrayBuffer.scala:49)
[2024-08-24T11:10:26.340+0000] {spark_submit.py:579} INFO - at org.apache.spark.scheduler.DAGScheduler.abortStage(DAGScheduler.scala:2791)
[2024-08-24T11:10:26.340+0000] {spark_submit.py:579} INFO - at org.apache.spark.scheduler.DAGScheduler.$anonfun$handleTaskSetFailed$1(DAGScheduler.scala:1247)
[2024-08-24T11:10:26.340+0000] {spark_submit.py:579} INFO - at org.apache.spark.scheduler.DAGScheduler.$anonfun$handleTaskSetFailed$1$adapted(DAGScheduler.scala:1247)
[2024-08-24T11:10:26.340+0000] {spark_submit.py:579} INFO - at scala.Option.foreach(Option.scala:407)
[2024-08-24T11:10:26.340+0000] {spark_submit.py:579} INFO - at org.apache.spark.scheduler.DAGScheduler.handleTaskSetFailed(DAGScheduler.scala:1247)
[2024-08-24T11:10:26.341+0000] {spark_submit.py:579} INFO - at org.apache.spark.scheduler.DAGSchedulerEventProcessLoop.doOnReceive(DAGScheduler.scala:3060)
[2024-08-24T11:10:26.341+0000] {spark_submit.py:579} INFO - at org.apache.spark.scheduler.DAGSchedulerEventProcessLoop.onReceive(DAGScheduler.scala:2994)
[2024-08-24T11:10:26.341+0000] {spark_submit.py:579} INFO - at org.apache.spark.scheduler.DAGSchedulerEventProcessLoop.onReceive(DAGScheduler.scala:2983)
[2024-08-24T11:10:26.341+0000] {spark_submit.py:579} INFO - at org.apache.spark.util.EventLoop$$anon$1.run(EventLoop.scala:49)
[2024-08-24T11:10:26.341+0000] {spark_submit.py:579} INFO - at org.apache.spark.scheduler.DAGScheduler.runJob(DAGScheduler.scala:989)
[2024-08-24T11:10:26.342+0000] {spark_submit.py:579} INFO - at org.apache.spark.SparkContext.runJob(SparkContext.scala:2393)
[2024-08-24T11:10:26.342+0000] {spark_submit.py:579} INFO - at org.apache.spark.SparkContext.runJob(SparkContext.scala:2488)
[2024-08-24T11:10:26.342+0000] {spark_submit.py:579} INFO - at org.apache.spark.sql.catalyst.json.JsonInferSchema.infer(JsonInferSchema.scala:120)
[2024-08-24T11:10:26.342+0000] {spark_submit.py:579} INFO - at org.apache.spark.sql.execution.datasources.json.TextInputJsonDataSource$.$anonfun$inferFromDataset$5(JsonDataSource.scala:109)
[2024-08-24T11:10:26.342+0000] {spark_submit.py:579} INFO - at org.apache.spark.sql.execution.SQLExecution$.withSQLConfPropagated(SQLExecution.scala:201)
[2024-08-24T11:10:26.342+0000] {spark_submit.py:579} INFO - at org.apache.spark.sql.execution.datasources.json.TextInputJsonDataSource$.inferFromDataset(JsonDataSource.scala:109)
[2024-08-24T11:10:26.343+0000] {spark_submit.py:579} INFO - at org.apache.spark.sql.DataFrameReader.$anonfun$json$4(DataFrameReader.scala:416)
[2024-08-24T11:10:26.343+0000] {spark_submit.py:579} INFO - at scala.Option.getOrElse(Option.scala:189)
[2024-08-24T11:10:26.343+0000] {spark_submit.py:579} INFO - at org.apache.spark.sql.DataFrameReader.json(DataFrameReader.scala:416)
[2024-08-24T11:10:26.343+0000] {spark_submit.py:579} INFO - at org.apache.spark.sql.DataFrameReader.json(DataFrameReader.scala:391)
[2024-08-24T11:10:26.343+0000] {spark_submit.py:579} INFO - at org.apache.spark.sql.DataFrameReader.json(DataFrameReader.scala:377)
[2024-08-24T11:10:26.344+0000] {spark_submit.py:579} INFO - at java.base/jdk.internal.reflect.NativeMethodAccessorImpl.invoke0(Native Method)
[2024-08-24T11:10:26.344+0000] {spark_submit.py:579} INFO - at java.base/jdk.internal.reflect.NativeMethodAccessorImpl.invoke(NativeMethodAccessorImpl.java:77)
[2024-08-24T11:10:26.344+0000] {spark_submit.py:579} INFO - at java.base/jdk.internal.reflect.DelegatingMethodAccessorImpl.invoke(DelegatingMethodAccessorImpl.java:43)
[2024-08-24T11:10:26.344+0000] {spark_submit.py:579} INFO - at java.base/java.lang.reflect.Method.invoke(Method.java:569)
[2024-08-24T11:10:26.344+0000] {spark_submit.py:579} INFO - at py4j.reflection.MethodInvoker.invoke(MethodInvoker.java:244)
[2024-08-24T11:10:26.344+0000] {spark_submit.py:579} INFO - at py4j.reflection.ReflectionEngine.invoke(ReflectionEngine.java:374)
[2024-08-24T11:10:26.345+0000] {spark_submit.py:579} INFO - at py4j.Gateway.invoke(Gateway.java:282)
[2024-08-24T11:10:26.345+0000] {spark_submit.py:579} INFO - at py4j.commands.AbstractCommand.invokeMethod(AbstractCommand.java:132)
[2024-08-24T11:10:26.345+0000] {spark_submit.py:579} INFO - at py4j.commands.CallCommand.execute(CallCommand.java:79)
[2024-08-24T11:10:26.345+0000] {spark_submit.py:579} INFO - at py4j.ClientServerConnection.waitForCommands(ClientServerConnection.java:182)
[2024-08-24T11:10:26.346+0000] {spark_submit.py:579} INFO - at py4j.ClientServerConnection.run(ClientServerConnection.java:106)
[2024-08-24T11:10:26.346+0000] {spark_submit.py:579} INFO - at java.base/java.lang.Thread.run(Thread.java:840)
[2024-08-24T11:10:26.346+0000] {spark_submit.py:579} INFO - Caused by: org.apache.spark.api.python.PythonException: Traceback (most recent call last):
[2024-08-24T11:10:26.346+0000] {spark_submit.py:579} INFO - File "/opt/bitnami/spark/python/lib/pyspark.zip/pyspark/worker.py", line 1100, in main
[2024-08-24T11:10:26.346+0000] {spark_submit.py:579} INFO - raise PySparkRuntimeError(
[2024-08-24T11:10:26.346+0000] {spark_submit.py:579} INFO - pyspark.errors.exceptions.base.PySparkRuntimeError: [PYTHON_VERSION_MISMATCH] Python in worker has different version (3, 12) than that in driver 3.8, PySpark cannot run with different minor versions.
[2024-08-24T11:10:26.346+0000] {spark_submit.py:579} INFO - Please check environment variables PYSPARK_PYTHON and PYSPARK_DRIVER_PYTHON are correctly set.
[2024-08-24T11:10:26.346+0000] {spark_submit.py:579} INFO - 
[2024-08-24T11:10:26.346+0000] {spark_submit.py:579} INFO - at org.apache.spark.api.python.BasePythonRunner$ReaderIterator.handlePythonException(PythonRunner.scala:572)
[2024-08-24T11:10:26.347+0000] {spark_submit.py:579} INFO - at org.apache.spark.api.python.PythonRunner$$anon$3.read(PythonRunner.scala:784)
[2024-08-24T11:10:26.347+0000] {spark_submit.py:579} INFO - at org.apache.spark.api.python.PythonRunner$$anon$3.read(PythonRunner.scala:766)
[2024-08-24T11:10:26.347+0000] {spark_submit.py:579} INFO - at org.apache.spark.api.python.BasePythonRunner$ReaderIterator.hasNext(PythonRunner.scala:525)
[2024-08-24T11:10:26.347+0000] {spark_submit.py:579} INFO - at org.apache.spark.InterruptibleIterator.hasNext(InterruptibleIterator.scala:37)
[2024-08-24T11:10:26.347+0000] {spark_submit.py:579} INFO - at scala.collection.Iterator$$anon$10.hasNext(Iterator.scala:460)
[2024-08-24T11:10:26.347+0000] {spark_submit.py:579} INFO - at scala.collection.Iterator$$anon$10.hasNext(Iterator.scala:460)
[2024-08-24T11:10:26.347+0000] {spark_submit.py:579} INFO - at org.apache.spark.sql.catalyst.expressions.GeneratedClass$GeneratedIteratorForCodegenStage1.processNext(Unknown Source)
[2024-08-24T11:10:26.347+0000] {spark_submit.py:579} INFO - at org.apache.spark.sql.execution.BufferedRowIterator.hasNext(BufferedRowIterator.java:43)
[2024-08-24T11:10:26.348+0000] {spark_submit.py:579} INFO - at org.apache.spark.sql.execution.WholeStageCodegenEvaluatorFactory$WholeStageCodegenPartitionEvaluator$$anon$1.hasNext(WholeStageCodegenEvaluatorFactory.scala:43)
[2024-08-24T11:10:26.348+0000] {spark_submit.py:579} INFO - at scala.collection.Iterator$$anon$11.hasNext(Iterator.scala:491)
[2024-08-24T11:10:26.348+0000] {spark_submit.py:579} INFO - at scala.collection.Iterator.isEmpty(Iterator.scala:387)
[2024-08-24T11:10:26.348+0000] {spark_submit.py:579} INFO - at scala.collection.Iterator.isEmpty$(Iterator.scala:387)
[2024-08-24T11:10:26.348+0000] {spark_submit.py:579} INFO - at scala.collection.AbstractIterator.isEmpty(Iterator.scala:1431)
[2024-08-24T11:10:26.348+0000] {spark_submit.py:579} INFO - at scala.collection.TraversableOnce.reduceLeftOption(TraversableOnce.scala:249)
[2024-08-24T11:10:26.348+0000] {spark_submit.py:579} INFO - at scala.collection.TraversableOnce.reduceLeftOption$(TraversableOnce.scala:248)
[2024-08-24T11:10:26.348+0000] {spark_submit.py:579} INFO - at scala.collection.AbstractIterator.reduceLeftOption(Iterator.scala:1431)
[2024-08-24T11:10:26.348+0000] {spark_submit.py:579} INFO - at scala.collection.TraversableOnce.reduceOption(TraversableOnce.scala:256)
[2024-08-24T11:10:26.349+0000] {spark_submit.py:579} INFO - at scala.collection.TraversableOnce.reduceOption$(TraversableOnce.scala:256)
[2024-08-24T11:10:26.349+0000] {spark_submit.py:579} INFO - at scala.collection.AbstractIterator.reduceOption(Iterator.scala:1431)
[2024-08-24T11:10:26.349+0000] {spark_submit.py:579} INFO - at org.apache.spark.sql.catalyst.json.JsonInferSchema.$anonfun$infer$1(JsonInferSchema.scala:107)
[2024-08-24T11:10:26.349+0000] {spark_submit.py:579} INFO - at org.apache.spark.rdd.RDD.$anonfun$mapPartitions$2(RDD.scala:858)
[2024-08-24T11:10:26.349+0000] {spark_submit.py:579} INFO - at org.apache.spark.rdd.RDD.$anonfun$mapPartitions$2$adapted(RDD.scala:858)
[2024-08-24T11:10:26.349+0000] {spark_submit.py:579} INFO - at org.apache.spark.rdd.MapPartitionsRDD.compute(MapPartitionsRDD.scala:52)
[2024-08-24T11:10:26.349+0000] {spark_submit.py:579} INFO - at org.apache.spark.rdd.RDD.computeOrReadCheckpoint(RDD.scala:367)
[2024-08-24T11:10:26.349+0000] {spark_submit.py:579} INFO - at org.apache.spark.rdd.RDD.iterator(RDD.scala:331)
[2024-08-24T11:10:26.350+0000] {spark_submit.py:579} INFO - at org.apache.spark.scheduler.ResultTask.runTask(ResultTask.scala:93)
[2024-08-24T11:10:26.350+0000] {spark_submit.py:579} INFO - at org.apache.spark.TaskContext.runTaskWithListeners(TaskContext.scala:166)
[2024-08-24T11:10:26.350+0000] {spark_submit.py:579} INFO - at org.apache.spark.scheduler.Task.run(Task.scala:141)
[2024-08-24T11:10:26.350+0000] {spark_submit.py:579} INFO - at org.apache.spark.executor.Executor$TaskRunner.$anonfun$run$4(Executor.scala:620)
[2024-08-24T11:10:26.350+0000] {spark_submit.py:579} INFO - at org.apache.spark.util.SparkErrorUtils.tryWithSafeFinally(SparkErrorUtils.scala:64)
[2024-08-24T11:10:26.350+0000] {spark_submit.py:579} INFO - at org.apache.spark.util.SparkErrorUtils.tryWithSafeFinally$(SparkErrorUtils.scala:61)
[2024-08-24T11:10:26.350+0000] {spark_submit.py:579} INFO - at org.apache.spark.util.Utils$.tryWithSafeFinally(Utils.scala:94)
[2024-08-24T11:10:26.350+0000] {spark_submit.py:579} INFO - at org.apache.spark.executor.Executor$TaskRunner.run(Executor.scala:623)
[2024-08-24T11:10:26.351+0000] {spark_submit.py:579} INFO - at java.base/java.util.concurrent.ThreadPoolExecutor.runWorker(ThreadPoolExecutor.java:1136)
[2024-08-24T11:10:26.351+0000] {spark_submit.py:579} INFO - at java.base/java.util.concurrent.ThreadPoolExecutor$Worker.run(ThreadPoolExecutor.java:635)
[2024-08-24T11:10:26.351+0000] {spark_submit.py:579} INFO - ... 1 more
[2024-08-24T11:10:26.351+0000] {spark_submit.py:579} INFO - 
[2024-08-24T11:10:26.409+0000] {spark_submit.py:579} INFO - 24/08/24 11:10:26 INFO SparkContext: Invoking stop() from shutdown hook
[2024-08-24T11:10:26.409+0000] {spark_submit.py:579} INFO - 24/08/24 11:10:26 INFO SparkContext: SparkContext is stopping with exitCode 0.
[2024-08-24T11:10:26.420+0000] {spark_submit.py:579} INFO - 24/08/24 11:10:26 INFO SparkUI: Stopped Spark web UI at http://40c80272b42e:4040
[2024-08-24T11:10:26.424+0000] {spark_submit.py:579} INFO - 24/08/24 11:10:26 INFO StandaloneSchedulerBackend: Shutting down all executors
[2024-08-24T11:10:26.425+0000] {spark_submit.py:579} INFO - 24/08/24 11:10:26 INFO StandaloneSchedulerBackend$StandaloneDriverEndpoint: Asking each executor to shut down
[2024-08-24T11:10:26.444+0000] {spark_submit.py:579} INFO - 24/08/24 11:10:26 INFO MapOutputTrackerMasterEndpoint: MapOutputTrackerMasterEndpoint stopped!
[2024-08-24T11:10:26.461+0000] {spark_submit.py:579} INFO - 24/08/24 11:10:26 INFO MemoryStore: MemoryStore cleared
[2024-08-24T11:10:26.461+0000] {spark_submit.py:579} INFO - 24/08/24 11:10:26 INFO BlockManager: BlockManager stopped
[2024-08-24T11:10:26.467+0000] {spark_submit.py:579} INFO - 24/08/24 11:10:26 INFO BlockManagerMaster: BlockManagerMaster stopped
[2024-08-24T11:10:26.469+0000] {spark_submit.py:579} INFO - 24/08/24 11:10:26 INFO OutputCommitCoordinator$OutputCommitCoordinatorEndpoint: OutputCommitCoordinator stopped!
[2024-08-24T11:10:26.479+0000] {spark_submit.py:579} INFO - 24/08/24 11:10:26 INFO SparkContext: Successfully stopped SparkContext
[2024-08-24T11:10:26.479+0000] {spark_submit.py:579} INFO - 24/08/24 11:10:26 INFO ShutdownHookManager: Shutdown hook called
[2024-08-24T11:10:26.480+0000] {spark_submit.py:579} INFO - 24/08/24 11:10:26 INFO ShutdownHookManager: Deleting directory /tmp/spark-e18b54d0-9d78-4928-948e-3ad7441602c1/pyspark-e062a86d-d48e-4b0b-bf6a-b0f0ec44ac34
[2024-08-24T11:10:26.483+0000] {spark_submit.py:579} INFO - 24/08/24 11:10:26 INFO ShutdownHookManager: Deleting directory /tmp/spark-e18b54d0-9d78-4928-948e-3ad7441602c1
[2024-08-24T11:10:26.488+0000] {spark_submit.py:579} INFO - 24/08/24 11:10:26 INFO ShutdownHookManager: Deleting directory /tmp/spark-fb4a8e09-1cd4-4a86-b3f1-9e96fad3dab4
[2024-08-24T11:10:26.540+0000] {taskinstance.py:3301} ERROR - Task failed with exception
Traceback (most recent call last):
  File "/home/airflow/.local/lib/python3.8/site-packages/airflow/models/taskinstance.py", line 767, in _execute_task
    result = _execute_callable(context=context, **execute_callable_kwargs)
  File "/home/airflow/.local/lib/python3.8/site-packages/airflow/models/taskinstance.py", line 733, in _execute_callable
    return ExecutionCallableRunner(
  File "/home/airflow/.local/lib/python3.8/site-packages/airflow/utils/operator_helpers.py", line 252, in run
    return self.func(*args, **kwargs)
  File "/home/airflow/.local/lib/python3.8/site-packages/airflow/models/baseoperator.py", line 406, in wrapper
    return func(self, *args, **kwargs)
  File "/home/airflow/.local/lib/python3.8/site-packages/airflow/providers/apache/spark/operators/spark_submit.py", line 174, in execute
    self._hook.submit(self.application)
  File "/home/airflow/.local/lib/python3.8/site-packages/airflow/providers/apache/spark/hooks/spark_submit.py", line 505, in submit
    raise AirflowException(
airflow.exceptions.AirflowException: Cannot execute: spark-submit --master spark://5dc395a20b60:7077 --name arrow-spark --queue root.default --deploy-mode client /opt/***/dags/spark_etl_script_docker.py. Error code is: 1.
[2024-08-24T11:10:26.544+0000] {logging_mixin.py:190} INFO - Task instance in failure state
[2024-08-24T11:10:26.544+0000] {logging_mixin.py:190} INFO - Task start:2024-08-24 11:10:15.072224+00:00 end:2024-08-24 11:10:26.543897+00:00 duration:11.471673
[2024-08-24T11:10:26.545+0000] {logging_mixin.py:190} INFO - Task:<Task(SparkSubmitOperator): spark_submit_task> dag:<DAG: spark_***_dag> dagrun:<DagRun spark_***_dag @ 2024-08-24 03:30:04.316113+00:00: manual__2024-08-24T03:30:04.316113+00:00, state:running, queued_at: 2024-08-24 11:10:12.211204+00:00. externally triggered: True>
[2024-08-24T11:10:26.545+0000] {logging_mixin.py:190} INFO - Failure caused by Cannot execute: spark-submit --master spark://5dc395a20b60:7077 --name arrow-spark --queue root.default --deploy-mode client /opt/***/dags/spark_etl_script_docker.py. Error code is: 1.
[2024-08-24T11:10:26.545+0000] {taskinstance.py:1225} INFO - Marking task as FAILED. dag_id=spark_***_dag, task_id=spark_submit_task, run_id=manual__2024-08-24T03:30:04.316113+00:00, execution_date=20240824T033004, start_date=20240824T111015, end_date=20240824T111026
[2024-08-24T11:10:26.561+0000] {taskinstance.py:340} INFO - ::group::Post task execution logs
[2024-08-24T11:10:26.562+0000] {standard_task_runner.py:124} ERROR - Failed to execute job 56 for task spark_submit_task (Cannot execute: spark-submit --master spark://5dc395a20b60:7077 --name arrow-spark --queue root.default --deploy-mode client /opt/***/dags/spark_etl_script_docker.py. Error code is: 1.; 114)
Traceback (most recent call last):
  File "/home/airflow/.local/lib/python3.8/site-packages/airflow/task/task_runner/standard_task_runner.py", line 117, in _start_by_fork
    ret = args.func(args, dag=self.dag)
  File "/home/airflow/.local/lib/python3.8/site-packages/airflow/cli/cli_config.py", line 49, in command
    return func(*args, **kwargs)
  File "/home/airflow/.local/lib/python3.8/site-packages/airflow/utils/cli.py", line 115, in wrapper
    return f(*args, **kwargs)
  File "/home/airflow/.local/lib/python3.8/site-packages/airflow/cli/commands/task_command.py", line 483, in task_run
    task_return_code = _run_task_by_selected_method(args, _dag, ti)
  File "/home/airflow/.local/lib/python3.8/site-packages/airflow/cli/commands/task_command.py", line 256, in _run_task_by_selected_method
    return _run_raw_task(args, ti)
  File "/home/airflow/.local/lib/python3.8/site-packages/airflow/cli/commands/task_command.py", line 341, in _run_raw_task
    return ti._run_raw_task(
  File "/home/airflow/.local/lib/python3.8/site-packages/airflow/utils/session.py", line 97, in wrapper
    return func(*args, session=session, **kwargs)
  File "/home/airflow/.local/lib/python3.8/site-packages/airflow/models/taskinstance.py", line 2995, in _run_raw_task
    return _run_raw_task(
  File "/home/airflow/.local/lib/python3.8/site-packages/airflow/models/taskinstance.py", line 273, in _run_raw_task
    TaskInstance._execute_task_with_callbacks(
  File "/home/airflow/.local/lib/python3.8/site-packages/airflow/models/taskinstance.py", line 3149, in _execute_task_with_callbacks
    result = self._execute_task(context, task_orig)
  File "/home/airflow/.local/lib/python3.8/site-packages/airflow/models/taskinstance.py", line 3173, in _execute_task
    return _execute_task(self, context, task_orig)
  File "/home/airflow/.local/lib/python3.8/site-packages/airflow/models/taskinstance.py", line 767, in _execute_task
    result = _execute_callable(context=context, **execute_callable_kwargs)
  File "/home/airflow/.local/lib/python3.8/site-packages/airflow/models/taskinstance.py", line 733, in _execute_callable
    return ExecutionCallableRunner(
  File "/home/airflow/.local/lib/python3.8/site-packages/airflow/utils/operator_helpers.py", line 252, in run
    return self.func(*args, **kwargs)
  File "/home/airflow/.local/lib/python3.8/site-packages/airflow/models/baseoperator.py", line 406, in wrapper
    return func(self, *args, **kwargs)
  File "/home/airflow/.local/lib/python3.8/site-packages/airflow/providers/apache/spark/operators/spark_submit.py", line 174, in execute
    self._hook.submit(self.application)
  File "/home/airflow/.local/lib/python3.8/site-packages/airflow/providers/apache/spark/hooks/spark_submit.py", line 505, in submit
    raise AirflowException(
airflow.exceptions.AirflowException: Cannot execute: spark-submit --master spark://5dc395a20b60:7077 --name arrow-spark --queue root.default --deploy-mode client /opt/***/dags/spark_etl_script_docker.py. Error code is: 1.
[2024-08-24T11:10:26.588+0000] {local_task_job_runner.py:261} INFO - Task exited with return code 1
[2024-08-24T11:10:26.603+0000] {taskinstance.py:3891} INFO - 0 downstream tasks scheduled from follow-on schedule check
[2024-08-24T11:10:26.606+0000] {local_task_job_runner.py:240} INFO - ::endgroup::
